        -:    0:Source:dominion.c
        -:    0:Graph:dominion.gcno
        -:    0:Data:dominion.gcda
        -:    0:Runs:1
        -:    0:Programs:1
        -:    1:#include "dominion.h"
        -:    2:#include "dominion_helpers.h"
        -:    3:#include "rngs.h"
        -:    4:#include <stdio.h>
        -:    5:#include <math.h>
        -:    6:#include <stdlib.h>
        -:    7:
function compare called 15270 returned 100% blocks executed 83%
    15270:    8:int compare(const void* a, const void* b) {
    15270:    9:  if (*(int*)a > *(int*)b)
branch  0 taken 0 (fallthrough)
branch  1 taken 15270
    #####:   10:    return 1;
    15270:   11:  if (*(int*)a < *(int*)b)
branch  0 taken 4072 (fallthrough)
branch  1 taken 11198
     4072:   12:    return -1;
    11198:   13:  return 0;
        -:   14:}
        -:   15:
function newGame called 0 returned 0% blocks executed 0%
    #####:   16:struct gameState* newGame() {
    #####:   17:  struct gameState* g = malloc(sizeof(struct gameState));
    #####:   18:  return g;
        -:   19:}
        -:   20:
function kingdomCards called 0 returned 0% blocks executed 0%
    #####:   21:int* kingdomCards(int k1, int k2, int k3, int k4, int k5, int k6, int k7,
        -:   22:		  int k8, int k9, int k10) {
    #####:   23:  int* k = malloc(10 * sizeof(int));
    #####:   24:  k[0] = k1;
    #####:   25:  k[1] = k2;
    #####:   26:  k[2] = k3;
    #####:   27:  k[3] = k4;
    #####:   28:  k[4] = k5;
    #####:   29:  k[5] = k6;
    #####:   30:  k[6] = k7;
    #####:   31:  k[7] = k8;
    #####:   32:  k[8] = k9;
    #####:   33:  k[9] = k10;
    #####:   34:  return k;
        -:   35:}
        -:   36:
function initializeGame called 1000 returned 100% blocks executed 89%
     1000:   37:int initializeGame(int numPlayers, int kingdomCards[10], int randomSeed,
        -:   38:		   struct gameState *state) {
        -:   39:
        -:   40:  int i;
        -:   41:  int j;
        -:   42:  int it;			
        -:   43:  //set up random number generator
     1000:   44:  SelectStream(1);
call    0 returned 1000
     1000:   45:  PutSeed((long)randomSeed);
call    0 returned 1000
        -:   46:  
        -:   47:  //check number of players
     1000:   48:  if (numPlayers > MAX_PLAYERS || numPlayers < 2)
branch  0 taken 1000 (fallthrough)
branch  1 taken 0
branch  2 taken 491 (fallthrough)
branch  3 taken 509
        -:   49:    {
      491:   50:      return -1;
        -:   51:    }
        -:   52:
        -:   53:  //set number of players
      509:   54:  state->numPlayers = numPlayers;
        -:   55:
        -:   56:  //check selected kingdom cards are different
     5599:   57:  for (i = 0; i < 10; i++)
branch  0 taken 5090
branch  1 taken 509 (fallthrough)
        -:   58:    {
    55990:   59:      for (j = 0; j < 10; j++)
branch  0 taken 50900
branch  1 taken 5090 (fallthrough)
        -:   60:        {
    50900:   61:	  if (j != i && kingdomCards[j] == kingdomCards[i])
branch  0 taken 45810 (fallthrough)
branch  1 taken 5090
branch  2 taken 0 (fallthrough)
branch  3 taken 45810
        -:   62:	    {
    #####:   63:	      return -1;
        -:   64:	    }
        -:   65:        }
        -:   66:    }
        -:   67:
        -:   68:
        -:   69:  //initialize supply
        -:   70:  ///////////////////////////////
        -:   71:
        -:   72:  //set number of Curse cards
      509:   73:  if (numPlayers == 2)
branch  0 taken 509 (fallthrough)
branch  1 taken 0
        -:   74:    {
      509:   75:      state->supplyCount[curse] = 10;
        -:   76:    }
    #####:   77:  else if (numPlayers == 3)
branch  0 never executed
branch  1 never executed
        -:   78:    {
    #####:   79:      state->supplyCount[curse] = 20;
        -:   80:    }
        -:   81:  else
        -:   82:    {
    #####:   83:      state->supplyCount[curse] = 30;
        -:   84:    }
        -:   85:
        -:   86:  //set number of Victory cards
      509:   87:  if (numPlayers == 2)
branch  0 taken 509 (fallthrough)
branch  1 taken 0
        -:   88:    {
      509:   89:      state->supplyCount[estate] = 8;
      509:   90:      state->supplyCount[duchy] = 8;
      509:   91:      state->supplyCount[province] = 8;
        -:   92:    }
        -:   93:  else
        -:   94:    {
    #####:   95:      state->supplyCount[estate] = 12;
    #####:   96:      state->supplyCount[duchy] = 12;
    #####:   97:      state->supplyCount[province] = 12;
        -:   98:    }
        -:   99:
        -:  100:  //set number of Treasure cards
      509:  101:  state->supplyCount[copper] = 60 - (7 * numPlayers);
      509:  102:  state->supplyCount[silver] = 40;
      509:  103:  state->supplyCount[gold] = 30;
        -:  104:
        -:  105:  //set number of Kingdom cards
    10689:  106:  for (i = adventurer; i <= treasure_map; i++)       	//loop all cards
branch  0 taken 10180
branch  1 taken 509 (fallthrough)
        -:  107:    {
    83985:  108:      for (j = 0; j < 10; j++)           		//loop chosen cards
branch  0 taken 78895
branch  1 taken 5090 (fallthrough)
        -:  109:	{
    78895:  110:	  if (kingdomCards[j] == i)
branch  0 taken 5090 (fallthrough)
branch  1 taken 73805
        -:  111:	    {
        -:  112:	      //check if card is a 'Victory' Kingdom card
     5090:  113:	      if (kingdomCards[j] == great_hall || kingdomCards[j] == gardens)
branch  0 taken 5090 (fallthrough)
branch  1 taken 0
branch  2 taken 509 (fallthrough)
branch  3 taken 4581
        -:  114:		{
     1018:  115:		  if (numPlayers == 2){ 
branch  0 taken 509 (fallthrough)
branch  1 taken 0
      509:  116:		    state->supplyCount[i] = 8; 
        -:  117:		  }
    #####:  118:		  else{ state->supplyCount[i] = 12; }
        -:  119:		}
        -:  120:	      else
        -:  121:		{
     4581:  122:		  state->supplyCount[i] = 10;
        -:  123:		}
     5090:  124:	      break;
        -:  125:	    }
        -:  126:	  else    //card is not in the set choosen for the game
        -:  127:	    {
    73805:  128:	      state->supplyCount[i] = -1;
        -:  129:	    }
        -:  130:	}
        -:  131:
        -:  132:    }
        -:  133:
        -:  134:  ////////////////////////
        -:  135:  //supply intilization complete
        -:  136:
        -:  137:  //set player decks
     1527:  138:  for (i = 0; i < numPlayers; i++)
branch  0 taken 1018
branch  1 taken 509 (fallthrough)
        -:  139:    {
     1018:  140:      state->deckCount[i] = 0;
     4072:  141:      for (j = 0; j < 3; j++)
branch  0 taken 3054
branch  1 taken 1018 (fallthrough)
        -:  142:	{
     3054:  143:	  state->deck[i][j] = estate;
     3054:  144:	  state->deckCount[i]++;
        -:  145:	}
     8144:  146:      for (j = 3; j < 10; j++)
branch  0 taken 7126
branch  1 taken 1018 (fallthrough)
        -:  147:	{
     7126:  148:	  state->deck[i][j] = copper;
     7126:  149:	  state->deckCount[i]++;		
        -:  150:	}
        -:  151:    }
        -:  152:
        -:  153:  //shuffle player decks
     1527:  154:  for (i = 0; i < numPlayers; i++)
branch  0 taken 1018
branch  1 taken 509 (fallthrough)
        -:  155:    {
     1018:  156:      if ( shuffle(i, state) < 0 )
call    0 returned 1018
branch  1 taken 0 (fallthrough)
branch  2 taken 1018
        -:  157:	{
    #####:  158:	  return -1;
        -:  159:	}
        -:  160:    }
        -:  161:
        -:  162:  //draw player hands
     1527:  163:  for (i = 0; i < numPlayers; i++)
branch  0 taken 1018
branch  1 taken 509 (fallthrough)
        -:  164:    {  
        -:  165:      //initialize hand size to zero
     1018:  166:      state->handCount[i] = 0;
     1018:  167:      state->discardCount[i] = 0;
        -:  168:      //draw 5 cards
        -:  169:      // for (j = 0; j < 5; j++)
        -:  170:      //	{
        -:  171:      //	  drawCard(i, state);
        -:  172:      //	}
        -:  173:    }
        -:  174:  
        -:  175:  //set embargo tokens to 0 for all supply piles
    14252:  176:  for (i = 0; i <= treasure_map; i++)
branch  0 taken 13743
branch  1 taken 509 (fallthrough)
        -:  177:    {
    13743:  178:      state->embargoTokens[i] = 0;
        -:  179:    }
        -:  180:
        -:  181:  //initialize first player's turn
      509:  182:  state->outpostPlayed = 0;
      509:  183:  state->phase = 0;
      509:  184:  state->numActions = 1;
      509:  185:  state->numBuys = 1;
      509:  186:  state->playedCardCount = 0;
      509:  187:  state->whoseTurn = 0;
      509:  188:  state->handCount[state->whoseTurn] = 0;
        -:  189:  //int it; move to top
        -:  190:
        -:  191:  //Moved draw cards to here, only drawing at the start of a turn
     3054:  192:  for (it = 0; it < 5; it++){
branch  0 taken 2545
branch  1 taken 509 (fallthrough)
     2545:  193:    drawCard(state->whoseTurn, state);
call    0 returned 2545
        -:  194:  }
        -:  195:
      509:  196:  updateCoins(state->whoseTurn, state, 0);
call    0 returned 509
        -:  197:
      509:  198:  return 0;
        -:  199:}
        -:  200:
function shuffle called 1020 returned 100% blocks executed 100%
     1020:  201:int shuffle(int player, struct gameState *state) {
        -:  202: 
        -:  203:
        -:  204:  int newDeck[MAX_DECK];
     1020:  205:  int newDeckPos = 0;
        -:  206:  int card;
        -:  207:  int i;
        -:  208:
     1020:  209:  if (state->deckCount[player] < 1)
branch  0 taken 2 (fallthrough)
branch  1 taken 1018
        2:  210:    return -1;
     1018:  211:  qsort ((void*)(state->deck[player]), state->deckCount[player], sizeof(int), compare); 
call    0 returned 1018
        -:  212:  /* SORT CARDS IN DECK TO ENSURE DETERMINISM! */
        -:  213:
    12216:  214:  while (state->deckCount[player] > 0) {
branch  0 taken 10180
branch  1 taken 1018 (fallthrough)
    10180:  215:    card = floor(Random() * state->deckCount[player]);
call    0 returned 10180
    10180:  216:    newDeck[newDeckPos] = state->deck[player][card];
    10180:  217:    newDeckPos++;
    33078:  218:    for (i = card; i < state->deckCount[player]-1; i++) {
branch  0 taken 22898
branch  1 taken 10180 (fallthrough)
    22898:  219:      state->deck[player][i] = state->deck[player][i+1];
        -:  220:    }
    10180:  221:    state->deckCount[player]--;
        -:  222:  }
    11198:  223:  for (i = 0; i < newDeckPos; i++) {
branch  0 taken 10180
branch  1 taken 1018 (fallthrough)
    10180:  224:    state->deck[player][i] = newDeck[i];
    10180:  225:    state->deckCount[player]++;
        -:  226:  }
        -:  227:
     1018:  228:  return 0;
        -:  229:}
        -:  230:
function playCard called 0 returned 0% blocks executed 0%
    #####:  231:int playCard(int handPos, int choice1, int choice2, int choice3, struct gameState *state) 
        -:  232:{	
        -:  233:  int card;
    #####:  234:  int coin_bonus = 0; 		//tracks coins gain from actions
        -:  235:
        -:  236:  //check if it is the right phase
    #####:  237:  if (state->phase != 0)
branch  0 never executed
branch  1 never executed
        -:  238:    {
    #####:  239:      return -1;
        -:  240:    }
        -:  241:	
        -:  242:  //check if player has enough actions
    #####:  243:  if ( state->numActions < 1 )
branch  0 never executed
branch  1 never executed
        -:  244:    {
    #####:  245:      return -1;
        -:  246:    }
        -:  247:	
        -:  248:  //get card played
    #####:  249:  card = handCard(handPos, state);
call    0 never executed
        -:  250:	
        -:  251:  //check if selected card is an action
    #####:  252:  if ( card < adventurer || card > treasure_map )
branch  0 never executed
branch  1 never executed
branch  2 never executed
branch  3 never executed
        -:  253:    {
    #####:  254:      return -1;
        -:  255:    }
        -:  256:	
        -:  257:  //play card
    #####:  258:  if ( cardEffect(card, choice1, choice2, choice3, state, handPos, &coin_bonus) < 0 )
call    0 never executed
branch  1 never executed
branch  2 never executed
        -:  259:    {
    #####:  260:      return -1;
        -:  261:    }
        -:  262:	
        -:  263:  //reduce number of actions
    #####:  264:  state->numActions--;
        -:  265:
        -:  266:  //update coins (Treasure cards may be added with card draws)
    #####:  267:  updateCoins(state->whoseTurn, state, coin_bonus);
call    0 never executed
        -:  268:	
    #####:  269:  return 0;
        -:  270:}
        -:  271:
function buyCard called 0 returned 0% blocks executed 0%
    #####:  272:int buyCard(int supplyPos, struct gameState *state) {
        -:  273:  int who;
        -:  274:  if (DEBUG){
        -:  275:    printf("Entering buyCard...\n");
        -:  276:  }
        -:  277:
        -:  278:  // I don't know what to do about the phase thing.
        -:  279:
    #####:  280:  who = state->whoseTurn;
        -:  281:
    #####:  282:  if (state->numBuys < 1){
branch  0 never executed
branch  1 never executed
        -:  283:    if (DEBUG)
        -:  284:      printf("You do not have any buys left\n");
    #####:  285:    return -1;
    #####:  286:  } else if (supplyCount(supplyPos, state) <1){
call    0 never executed
branch  1 never executed
branch  2 never executed
        -:  287:    if (DEBUG)
        -:  288:      printf("There are not any of that type of card left\n");
    #####:  289:    return -1;
    #####:  290:  } else if (state->coins < getCost(supplyPos)){
call    0 never executed
branch  1 never executed
branch  2 never executed
        -:  291:    if (DEBUG) 
        -:  292:      printf("You do not have enough money to buy that. You have %d coins.\n", state->coins);
    #####:  293:    return -1;
        -:  294:  } else {
    #####:  295:    state->phase=1;
        -:  296:    //state->supplyCount[supplyPos]--;
    #####:  297:    gainCard(supplyPos, state, 0, who); //card goes in discard, this might be wrong.. (2 means goes into hand, 0 goes into discard)
call    0 never executed
        -:  298:  
    #####:  299:    state->coins = (state->coins) - (getCost(supplyPos));
call    0 never executed
    #####:  300:    state->numBuys--;
        -:  301:    if (DEBUG)
        -:  302:      printf("You bought card number %d for %d coins. You now have %d buys and %d coins.\n", supplyPos, getCost(supplyPos), state->numBuys, state->coins);
        -:  303:  }
        -:  304:
        -:  305:  //state->discard[who][state->discardCount[who]] = supplyPos;
        -:  306:  //state->discardCount[who]++;
        -:  307:    
    #####:  308:  return 0;
        -:  309:}
        -:  310:
function numHandCards called 0 returned 0% blocks executed 0%
    #####:  311:int numHandCards(struct gameState *state) {
    #####:  312:  return state->handCount[ whoseTurn(state) ];
call    0 never executed
        -:  313:}
        -:  314:
function handCard called 0 returned 0% blocks executed 0%
    #####:  315:int handCard(int handPos, struct gameState *state) {
    #####:  316:  int currentPlayer = whoseTurn(state);
call    0 never executed
    #####:  317:  return state->hand[currentPlayer][handPos];
        -:  318:}
        -:  319:
function supplyCount called 0 returned 0% blocks executed 0%
    #####:  320:int supplyCount(int card, struct gameState *state) {
    #####:  321:  return state->supplyCount[card];
        -:  322:}
        -:  323:
function fullDeckCount called 0 returned 0% blocks executed 0%
    #####:  324:int fullDeckCount(int player, int card, struct gameState *state) {
        -:  325:  int i;
    #####:  326:  int count = 0;
        -:  327:
    #####:  328:  for (i = 0; i < state->deckCount[player]; i++)
branch  0 never executed
branch  1 never executed
        -:  329:    {
    #####:  330:      if (state->deck[player][i] == card) count++;
branch  0 never executed
branch  1 never executed
        -:  331:    }
        -:  332:
    #####:  333:  for (i = 0; i < state->handCount[player]; i++)
branch  0 never executed
branch  1 never executed
        -:  334:    {
    #####:  335:      if (state->hand[player][i] == card) count++;
branch  0 never executed
branch  1 never executed
        -:  336:    }
        -:  337:
    #####:  338:  for (i = 0; i < state->discardCount[player]; i++)
branch  0 never executed
branch  1 never executed
        -:  339:    {
    #####:  340:      if (state->discard[player][i] == card) count++;
branch  0 never executed
branch  1 never executed
        -:  341:    }
        -:  342:
    #####:  343:  return count;
        -:  344:}
        -:  345:
function whoseTurn called 0 returned 0% blocks executed 0%
    #####:  346:int whoseTurn(struct gameState *state) {
    #####:  347:  return state->whoseTurn;
        -:  348:}
        -:  349:
function endTurn called 0 returned 0% blocks executed 0%
    #####:  350:int endTurn(struct gameState *state) {
        -:  351:  int k;
        -:  352:  int i;
    #####:  353:  int currentPlayer = whoseTurn(state);
call    0 never executed
        -:  354:  
        -:  355:  //Discard hand
    #####:  356:  for (i = 0; i < state->handCount[currentPlayer]; i++){
branch  0 never executed
branch  1 never executed
    #####:  357:    state->discard[currentPlayer][state->discardCount[currentPlayer]++] = state->hand[currentPlayer][i];//Discard
    #####:  358:    state->hand[currentPlayer][i] = -1;//Set card to -1
        -:  359:  }
    #####:  360:  state->handCount[currentPlayer] = 0;//Reset hand count
        -:  361:    
        -:  362:  //Code for determining the player
    #####:  363:  if (currentPlayer < (state->numPlayers - 1)){ 
branch  0 never executed
branch  1 never executed
    #####:  364:    state->whoseTurn = currentPlayer + 1;//Still safe to increment
        -:  365:  }
        -:  366:  else{
    #####:  367:    state->whoseTurn = 0;//Max player has been reached, loop back around to player 1
        -:  368:  }
        -:  369:
    #####:  370:  state->outpostPlayed = 0;
    #####:  371:  state->phase = 0;
    #####:  372:  state->numActions = 1;
    #####:  373:  state->coins = 0;
    #####:  374:  state->numBuys = 1;
    #####:  375:  state->playedCardCount = 0;
    #####:  376:  state->handCount[state->whoseTurn] = 0;
        -:  377:
        -:  378:  //int k; move to top
        -:  379:  //Next player draws hand
    #####:  380:  for (k = 0; k < 5; k++){
branch  0 never executed
branch  1 never executed
    #####:  381:    drawCard(state->whoseTurn, state);//Draw a card
call    0 never executed
        -:  382:  }
        -:  383:
        -:  384:  //Update money
    #####:  385:  updateCoins(state->whoseTurn, state , 0);
call    0 never executed
        -:  386:
    #####:  387:  return 0;
        -:  388:}
        -:  389:
function isGameOver called 0 returned 0% blocks executed 0%
    #####:  390:int isGameOver(struct gameState *state) {
        -:  391:  int i;
        -:  392:  int j;
        -:  393:	
        -:  394:  //if stack of Province cards is empty, the game ends
    #####:  395:  if (state->supplyCount[province] == 0)
branch  0 never executed
branch  1 never executed
        -:  396:    {
    #####:  397:      return 1;
        -:  398:    }
        -:  399:
        -:  400:  //if three supply pile are at 0, the game ends
    #####:  401:  j = 0;
    #####:  402:  for (i = 0; i < 25; i++)
branch  0 never executed
branch  1 never executed
        -:  403:    {
    #####:  404:      if (state->supplyCount[i] == 0)
branch  0 never executed
branch  1 never executed
        -:  405:	{
    #####:  406:	  j++;
        -:  407:	}
        -:  408:    }
    #####:  409:  if ( j >= 3)
branch  0 never executed
branch  1 never executed
        -:  410:    {
    #####:  411:      return 1;
        -:  412:    }
        -:  413:
    #####:  414:  return 0;
        -:  415:}
        -:  416:
function scoreFor called 0 returned 0% blocks executed 0%
    #####:  417:int scoreFor (int player, struct gameState *state) {
        -:  418:
        -:  419:  int i;
    #####:  420:  int score = 0;
        -:  421:  //score from hand
    #####:  422:  for (i = 0; i < state->handCount[player]; i++)
branch  0 never executed
branch  1 never executed
        -:  423:    {
    #####:  424:      if (state->hand[player][i] == curse) { score = score - 1; };
branch  0 never executed
branch  1 never executed
    #####:  425:      if (state->hand[player][i] == estate) { score = score + 1; };
branch  0 never executed
branch  1 never executed
    #####:  426:      if (state->hand[player][i] == duchy) { score = score + 3; };
branch  0 never executed
branch  1 never executed
    #####:  427:      if (state->hand[player][i] == province) { score = score + 6; };
branch  0 never executed
branch  1 never executed
    #####:  428:      if (state->hand[player][i] == great_hall) { score = score + 1; };
branch  0 never executed
branch  1 never executed
    #####:  429:      if (state->hand[player][i] == gardens) { score = score + ( fullDeckCount(player, 0, state) / 10 ); };
branch  0 never executed
branch  1 never executed
call    2 never executed
        -:  430:    }
        -:  431:
        -:  432:  //score from discard
    #####:  433:  for (i = 0; i < state->discardCount[player]; i++)
branch  0 never executed
branch  1 never executed
        -:  434:    {
    #####:  435:      if (state->discard[player][i] == curse) { score = score - 1; };
branch  0 never executed
branch  1 never executed
    #####:  436:      if (state->discard[player][i] == estate) { score = score + 1; };
branch  0 never executed
branch  1 never executed
    #####:  437:      if (state->discard[player][i] == duchy) { score = score + 3; };
branch  0 never executed
branch  1 never executed
    #####:  438:      if (state->discard[player][i] == province) { score = score + 6; };
branch  0 never executed
branch  1 never executed
    #####:  439:      if (state->discard[player][i] == great_hall) { score = score + 1; };
branch  0 never executed
branch  1 never executed
    #####:  440:      if (state->discard[player][i] == gardens) { score = score + ( fullDeckCount(player, 0, state) / 10 ); };
branch  0 never executed
branch  1 never executed
call    2 never executed
        -:  441:    }
        -:  442:
        -:  443:  //score from deck
    #####:  444:  for (i = 0; i < state->discardCount[player]; i++)
branch  0 never executed
branch  1 never executed
        -:  445:    {
    #####:  446:      if (state->deck[player][i] == curse) { score = score - 1; };
branch  0 never executed
branch  1 never executed
    #####:  447:      if (state->deck[player][i] == estate) { score = score + 1; };
branch  0 never executed
branch  1 never executed
    #####:  448:      if (state->deck[player][i] == duchy) { score = score + 3; };
branch  0 never executed
branch  1 never executed
    #####:  449:      if (state->deck[player][i] == province) { score = score + 6; };
branch  0 never executed
branch  1 never executed
    #####:  450:      if (state->deck[player][i] == great_hall) { score = score + 1; };
branch  0 never executed
branch  1 never executed
    #####:  451:      if (state->deck[player][i] == gardens) { score = score + ( fullDeckCount(player, 0, state) / 10 ); };
branch  0 never executed
branch  1 never executed
call    2 never executed
        -:  452:    }
        -:  453:
    #####:  454:  return score;
        -:  455:}
        -:  456:
function getWinners called 0 returned 0% blocks executed 0%
    #####:  457:int getWinners(int players[MAX_PLAYERS], struct gameState *state) {
        -:  458:  int i;	
        -:  459:  int j;
        -:  460:  int highScore;
        -:  461:  int currentPlayer;
        -:  462:
        -:  463:  //get score for each player
    #####:  464:  for (i = 0; i < MAX_PLAYERS; i++)
branch  0 never executed
branch  1 never executed
        -:  465:    {
        -:  466:      //set unused player scores to -9999
    #####:  467:      if (i >= state->numPlayers)
branch  0 never executed
branch  1 never executed
        -:  468:	{
    #####:  469:	  players[i] = -9999;
        -:  470:	}
        -:  471:      else
        -:  472:	{
    #####:  473:	  players[i] = scoreFor (i, state);
call    0 never executed
        -:  474:	}
        -:  475:    }
        -:  476:
        -:  477:  //find highest score
    #####:  478:  j = 0;
    #####:  479:  for (i = 0; i < MAX_PLAYERS; i++)
branch  0 never executed
branch  1 never executed
        -:  480:    {
    #####:  481:      if (players[i] > players[j])
branch  0 never executed
branch  1 never executed
        -:  482:	{
    #####:  483:	  j = i;
        -:  484:	}
        -:  485:    }
    #####:  486:  highScore = players[j];
        -:  487:
        -:  488:  //add 1 to players who had less turns
    #####:  489:  currentPlayer = whoseTurn(state);
call    0 never executed
    #####:  490:  for (i = 0; i < MAX_PLAYERS; i++)
branch  0 never executed
branch  1 never executed
        -:  491:    {
    #####:  492:      if ( players[i] == highScore && i > currentPlayer )
branch  0 never executed
branch  1 never executed
branch  2 never executed
branch  3 never executed
        -:  493:	{
    #####:  494:	  players[i]++;
        -:  495:	}
        -:  496:    }
        -:  497:
        -:  498:  //find new highest score
    #####:  499:  j = 0;
    #####:  500:  for (i = 0; i < MAX_PLAYERS; i++)
branch  0 never executed
branch  1 never executed
        -:  501:    {
    #####:  502:      if ( players[i] > players[j] )
branch  0 never executed
branch  1 never executed
        -:  503:	{
    #####:  504:	  j = i;
        -:  505:	}
        -:  506:    }
    #####:  507:  highScore = players[j];
        -:  508:
        -:  509:  //set winners in array to 1 and rest to 0
    #####:  510:  for (i = 0; i < MAX_PLAYERS; i++)
branch  0 never executed
branch  1 never executed
        -:  511:    {
    #####:  512:      if ( players[i] == highScore )
branch  0 never executed
branch  1 never executed
        -:  513:	{
    #####:  514:	  players[i] = 1;
        -:  515:	}
        -:  516:      else
        -:  517:	{
    #####:  518:	  players[i] = 0;
        -:  519:	}
        -:  520:    }
        -:  521:
    #####:  522:  return 0;
        -:  523:}
        -:  524:
function drawCard called 3545 returned 100% blocks executed 85%
     3545:  525:int drawCard(int player, struct gameState *state)
        -:  526:{	int count;
        -:  527:  int deckCounter;
     3545:  528:  if (state->deckCount[player] <= 0){//Deck is empty
branch  0 taken 2 (fallthrough)
branch  1 taken 3543
        -:  529:    
        -:  530:    //Step 1 Shuffle the discard pile back into a deck
        -:  531:    int i;
        -:  532:    //Move discard to deck
        2:  533:    for (i = 0; i < state->discardCount[player];i++){
branch  0 taken 0
branch  1 taken 2 (fallthrough)
    #####:  534:      state->deck[player][i] = state->discard[player][i];
    #####:  535:      state->discard[player][i] = -1;
        -:  536:    }
        -:  537:
        2:  538:    state->deckCount[player] = state->discardCount[player];
        2:  539:    state->discardCount[player] = 0;//Reset discard
        -:  540:
        -:  541:    //Shufffle the deck
        2:  542:    shuffle(player, state);//Shuffle the deck up and make it so that we can draw
call    0 returned 2
        -:  543:   
        -:  544:    if (DEBUG){//Debug statements
        -:  545:      printf("Deck count now: %d\n", state->deckCount[player]);
        -:  546:    }
        -:  547:    
        2:  548:    state->discardCount[player] = 0;
        -:  549:
        -:  550:    //Step 2 Draw Card
        2:  551:    count = state->handCount[player];//Get current player's hand count
        -:  552:    
        -:  553:    if (DEBUG){//Debug statements
        -:  554:      printf("Current hand count: %d\n", count);
        -:  555:    }
        -:  556:    
        2:  557:    deckCounter = state->deckCount[player];//Create a holder for the deck count
        -:  558:
        2:  559:    if (deckCounter == 0)
branch  0 taken 2 (fallthrough)
branch  1 taken 0
        2:  560:      return -1;
        -:  561:
    #####:  562:    state->hand[player][count] = state->deck[player][deckCounter - 1];//Add card to hand
    #####:  563:    state->deckCount[player]--;
    #####:  564:    state->handCount[player]++;//Increment hand count
        -:  565:  }
        -:  566:
        -:  567:  else{
     3543:  568:    int count = state->handCount[player];//Get current hand count for player
        -:  569:    int deckCounter;
        -:  570:    if (DEBUG){//Debug statements
        -:  571:      printf("Current hand count: %d\n", count);
        -:  572:    }
        -:  573:
     3543:  574:    deckCounter = state->deckCount[player];//Create holder for the deck count
     3543:  575:    state->hand[player][count] = state->deck[player][deckCounter - 1];//Add card to the hand
     3543:  576:    state->deckCount[player]--;
     3543:  577:    state->handCount[player]++;//Increment hand count
        -:  578:  }
        -:  579:
     3543:  580:  return 0;
        -:  581:}
        -:  582:
function getCost called 0 returned 0% blocks executed 0%
    #####:  583:int getCost(int cardNumber)
        -:  584:{
    #####:  585:  switch( cardNumber ) 
branch  0 never executed
branch  1 never executed
branch  2 never executed
branch  3 never executed
branch  4 never executed
branch  5 never executed
branch  6 never executed
branch  7 never executed
branch  8 never executed
branch  9 never executed
branch 10 never executed
branch 11 never executed
branch 12 never executed
branch 13 never executed
branch 14 never executed
branch 15 never executed
branch 16 never executed
branch 17 never executed
branch 18 never executed
branch 19 never executed
branch 20 never executed
branch 21 never executed
branch 22 never executed
branch 23 never executed
branch 24 never executed
branch 25 never executed
branch 26 never executed
branch 27 never executed
        -:  586:    {
        -:  587:    case curse:
    #####:  588:      return 0;
        -:  589:    case estate:
    #####:  590:      return 2;
        -:  591:    case duchy:
    #####:  592:      return 5;
        -:  593:    case province:
    #####:  594:      return 8;
        -:  595:    case copper:
    #####:  596:      return 0;
        -:  597:    case silver:
    #####:  598:      return 3;
        -:  599:    case gold:
    #####:  600:      return 6;
        -:  601:    case adventurer:
    #####:  602:      return 6;
        -:  603:    case council_room:
    #####:  604:      return 5;
        -:  605:    case feast:
    #####:  606:      return 4;
        -:  607:    case gardens:
    #####:  608:      return 4;
        -:  609:    case mine:
    #####:  610:      return 5;
        -:  611:    case remodel:
    #####:  612:      return 4;
        -:  613:    case smithy:
    #####:  614:      return 4;
        -:  615:    case village:
    #####:  616:      return 3;
        -:  617:    case baron:
    #####:  618:      return 4;
        -:  619:    case great_hall:
    #####:  620:      return 3;
        -:  621:    case minion:
    #####:  622:      return 5;
        -:  623:    case steward:
    #####:  624:      return 3;
        -:  625:    case tribute:
    #####:  626:      return 5;
        -:  627:    case ambassador:
    #####:  628:      return 3;
        -:  629:    case cutpurse:
    #####:  630:      return 4;
        -:  631:    case embargo: 
    #####:  632:      return 2;
        -:  633:    case outpost:
    #####:  634:      return 5;
        -:  635:    case salvager:
    #####:  636:      return 4;
        -:  637:    case sea_hag:
    #####:  638:      return 4;
        -:  639:    case treasure_map:
    #####:  640:      return 4;
        -:  641:    }
        -:  642:	
    #####:  643:  return -1;
        -:  644:}
        -:  645:
function cardEffect called 0 returned 0% blocks executed 0%
    #####:  646:int cardEffect(int card, int choice1, int choice2, int choice3, struct gameState *state, int handPos, int *bonus)
        -:  647:{
        -:  648:  int i;
        -:  649:  int j;
        -:  650:  int k;
        -:  651:  int x;
        -:  652:  int index;
    #####:  653:  int currentPlayer = whoseTurn(state);
call    0 never executed
    #####:  654:  int nextPlayer = currentPlayer + 1;
        -:  655:
    #####:  656:  int tributeRevealedCards[2] = {-1, -1};
        -:  657:  int temphand[MAX_HAND];// moved above the if statement
    #####:  658:  int drawntreasure=0;
        -:  659:  int cardDrawn;
    #####:  660:  int z = 0;// this is the counter for the temp hand
    #####:  661:  if (nextPlayer > (state->numPlayers - 1)){
branch  0 never executed
branch  1 never executed
    #####:  662:    nextPlayer = 0;
        -:  663:  }
        -:  664:  
        -:  665:	
        -:  666:  //uses switch to select card and perform actions
    #####:  667:  switch( card ) 
branch  0 never executed
branch  1 never executed
branch  2 never executed
branch  3 never executed
branch  4 never executed
branch  5 never executed
branch  6 never executed
branch  7 never executed
branch  8 never executed
branch  9 never executed
branch 10 never executed
branch 11 never executed
branch 12 never executed
branch 13 never executed
branch 14 never executed
branch 15 never executed
branch 16 never executed
branch 17 never executed
branch 18 never executed
branch 19 never executed
branch 20 never executed
        -:  668:    {
        -:  669:    case adventurer:
    #####:  670:    	playAdventurer(currentPlayer, state);
call    0 never executed
        -:  671:			
        -:  672:    case council_room:
        -:  673:      //+4 Cards
    #####:  674:      for (i = 0; i < 4; i++)
branch  0 never executed
branch  1 never executed
        -:  675:	{
        -:  676:
    #####:  677:	  drawCard(currentPlayer, state);
call    0 never executed
        -:  678:	}
        -:  679:			
        -:  680:      //+1 Buy
    #####:  681:      state->numBuys++;
        -:  682:			
        -:  683:      //Each other player draws a card
    #####:  684:      for (i = 0; i < state->numPlayers; i++)
branch  0 never executed
branch  1 never executed
        -:  685:	{
    #####:  686:	  if ( i != currentPlayer )
branch  0 never executed
branch  1 never executed
        -:  687:	    {
    #####:  688:	      drawCard(i, state);
call    0 never executed
        -:  689:	    }
        -:  690:	}
        -:  691:			
        -:  692:      //put played card in played card pile
    #####:  693:      discardCard(handPos, currentPlayer, state, 0);
call    0 never executed
        -:  694:			
    #####:  695:      return 0;
        -:  696:			
        -:  697:    case feast:
        -:  698:      //gain card with cost up to 5
        -:  699:      //Backup hand
    #####:  700:      for (i = 0; i <= state->handCount[currentPlayer]; i++){
branch  0 never executed
branch  1 never executed
    #####:  701:	temphand[i] = state->hand[currentPlayer][i];//Backup card
    #####:  702:	state->hand[currentPlayer][i] = -1;//Set to nothing
        -:  703:      }
        -:  704:      //Backup hand
        -:  705:
        -:  706:      //Update Coins for Buy
    #####:  707:      updateCoins(currentPlayer, state, 5);
call    0 never executed
    #####:  708:      x = 1;//Condition to loop on
    #####:  709:      while( x == 1) {//Buy one card
branch  0 never executed
branch  1 never executed
    #####:  710:	if (supplyCount(choice1, state) <= 0){
call    0 never executed
branch  1 never executed
branch  2 never executed
        -:  711:	  if (DEBUG)
        -:  712:	    printf("None of that card left, sorry!\n");
        -:  713:
        -:  714:	  if (DEBUG){
        -:  715:	    printf("Cards Left: %d\n", supplyCount(choice1, state));
        -:  716:	  }
        -:  717:	}
    #####:  718:	else if (state->coins < getCost(choice1)){
call    0 never executed
branch  1 never executed
branch  2 never executed
    #####:  719:	  printf("That card is too expensive!\n");
call    0 never executed
        -:  720:
        -:  721:	  if (DEBUG){
        -:  722:	    printf("Coins: %d < %d\n", state->coins, getCost(choice1));
        -:  723:	  }
        -:  724:	}
        -:  725:	else{
        -:  726:
        -:  727:	  if (DEBUG){
        -:  728:	    printf("Deck Count: %d\n", state->handCount[currentPlayer] + state->deckCount[currentPlayer] + state->discardCount[currentPlayer]);
        -:  729:	  }
        -:  730:
    #####:  731:	  gainCard(choice1, state, 0, currentPlayer);//Gain the card
call    0 never executed
    #####:  732:	  x = 0;//No more buying cards
        -:  733:
        -:  734:	  if (DEBUG){
        -:  735:	    printf("Deck Count: %d\n", state->handCount[currentPlayer] + state->deckCount[currentPlayer] + state->discardCount[currentPlayer]);
        -:  736:	  }
        -:  737:
        -:  738:	}
        -:  739:      }     
        -:  740:
        -:  741:      //Reset Hand
    #####:  742:      for (i = 0; i <= state->handCount[currentPlayer]; i++){
branch  0 never executed
branch  1 never executed
    #####:  743:	state->hand[currentPlayer][i] = temphand[i];
    #####:  744:	temphand[i] = -1;
        -:  745:      }
        -:  746:      //Reset Hand
        -:  747:      			
    #####:  748:      return 0;
        -:  749:			
        -:  750:    case gardens:
    #####:  751:      return -1;
        -:  752:			
        -:  753:    case mine:
    #####:  754:       playMine(currentPlayer, handPos, choice1, choice2, state);
call    0 never executed
        -:  755:			
        -:  756:    case remodel:
    #####:  757:      j = state->hand[currentPlayer][choice1];  //store card we will trash
        -:  758:
    #####:  759:      if ( (getCost(state->hand[currentPlayer][choice1]) + 2) > getCost(choice2) )
call    0 never executed
call    1 never executed
branch  2 never executed
branch  3 never executed
        -:  760:	{
    #####:  761:	  return -1;
        -:  762:	}
        -:  763:
    #####:  764:      gainCard(choice2, state, 0, currentPlayer);
call    0 never executed
        -:  765:
        -:  766:      //discard card from hand
    #####:  767:      discardCard(handPos, currentPlayer, state, 0);
call    0 never executed
        -:  768:
        -:  769:      //discard trashed card
    #####:  770:      for (i = 0; i < state->handCount[currentPlayer]; i++)
branch  0 never executed
branch  1 never executed
        -:  771:	{
    #####:  772:	  if (state->hand[currentPlayer][i] == j)
branch  0 never executed
branch  1 never executed
        -:  773:	    {
    #####:  774:	      discardCard(i, currentPlayer, state, 0);			
call    0 never executed
    #####:  775:	      break;
        -:  776:	    }
        -:  777:	}
        -:  778:
        -:  779:
    #####:  780:      return 0;
        -:  781:		
        -:  782:    case smithy:
    #####:  783:    	playSmithy(currentPlayer, handPos, state);
call    0 never executed
        -:  784:		
        -:  785:    case village:
    #####:  786:    	playVillage(currentPlayer, handPos, state);
call    0 never executed
        -:  787:		
        -:  788:    case baron:
    #####:  789:      state->numBuys++;//Increase buys by 1!
    #####:  790:      if (choice1 > 0){//Boolean true or going to discard an estate
branch  0 never executed
branch  1 never executed
    #####:  791:	int p = 0;//Iterator for hand!
    #####:  792:	int card_not_discarded = 1;//Flag for discard set!
    #####:  793:	while(card_not_discarded){
branch  0 never executed
branch  1 never executed
    #####:  794:	  if (state->hand[currentPlayer][p] == estate){//Found an estate card!
branch  0 never executed
branch  1 never executed
    #####:  795:	    state->coins += 4;//Add 4 coins to the amount of coins
    #####:  796:	    state->discard[currentPlayer][state->discardCount[currentPlayer]] = state->hand[currentPlayer][p];
    #####:  797:	    state->discardCount[currentPlayer]++;
    #####:  798:	    for (;p < state->handCount[currentPlayer]; p++){
branch  0 never executed
branch  1 never executed
    #####:  799:	      state->hand[currentPlayer][p] = state->hand[currentPlayer][p+1];
        -:  800:	    }
    #####:  801:	    state->hand[currentPlayer][state->handCount[currentPlayer]] = -1;
    #####:  802:	    state->handCount[currentPlayer]--;
    #####:  803:	    card_not_discarded = 0;//Exit the loop
        -:  804:	  }
    #####:  805:	  else if (p > state->handCount[currentPlayer]){
branch  0 never executed
branch  1 never executed
        -:  806:	    if(DEBUG) {
        -:  807:	      printf("No estate cards in your hand, invalid choice\n");
        -:  808:	      printf("Must gain an estate if there are any\n");
        -:  809:	    }
    #####:  810:	    if (supplyCount(estate, state) > 0){
call    0 never executed
branch  1 never executed
branch  2 never executed
    #####:  811:	      gainCard(estate, state, 0, currentPlayer);
call    0 never executed
    #####:  812:	      state->supplyCount[estate]--;//Decrement estates
    #####:  813:	      if (supplyCount(estate, state) == 0){
call    0 never executed
branch  1 never executed
branch  2 never executed
    #####:  814:		isGameOver(state);
call    0 never executed
        -:  815:	      }
        -:  816:	    }
    #####:  817:	    card_not_discarded = 0;//Exit the loop
        -:  818:	  }
        -:  819:			    
        -:  820:	  else{
    #####:  821:	    p++;//Next card
        -:  822:	  }
        -:  823:	}
        -:  824:      }
        -:  825:			    
        -:  826:      else{
    #####:  827:	if (supplyCount(estate, state) > 0){
call    0 never executed
branch  1 never executed
branch  2 never executed
    #####:  828:	  gainCard(estate, state, 0, currentPlayer);//Gain an estate
call    0 never executed
    #####:  829:	  state->supplyCount[estate]--;//Decrement Estates
    #####:  830:	  if (supplyCount(estate, state) == 0){
call    0 never executed
branch  1 never executed
branch  2 never executed
    #####:  831:	    isGameOver(state);
call    0 never executed
        -:  832:	  }
        -:  833:	}
        -:  834:      }
        -:  835:	    
        -:  836:      
    #####:  837:      return 0;
        -:  838:		
        -:  839:    case great_hall:
        -:  840:      //+1 Card
    #####:  841:      drawCard(currentPlayer, state);
call    0 never executed
        -:  842:			
        -:  843:      //+1 Actions
    #####:  844:      state->numActions++;
        -:  845:			
        -:  846:      //discard card from hand
    #####:  847:      discardCard(handPos, currentPlayer, state, 0);
call    0 never executed
    #####:  848:      return 0;
        -:  849:		
        -:  850:    case minion:
        -:  851:      //+1 action
    #####:  852:      state->numActions++;
        -:  853:			
        -:  854:      //discard card from hand
    #####:  855:      discardCard(handPos, currentPlayer, state, 0);
call    0 never executed
        -:  856:			
    #####:  857:      if (choice1)		//+2 coins
branch  0 never executed
branch  1 never executed
        -:  858:	{
    #####:  859:	  state->coins = state->coins + 2;
        -:  860:	}
        -:  861:			
    #####:  862:      else if (choice2)		//discard hand, redraw 4, other players with 5+ cards discard hand and draw 4
branch  0 never executed
branch  1 never executed
        -:  863:	{
        -:  864:	  //discard hand
    #####:  865:	  while(numHandCards(state) > 0)
call    0 never executed
branch  1 never executed
branch  2 never executed
        -:  866:	    {
    #####:  867:	      discardCard(handPos, currentPlayer, state, 0);
call    0 never executed
        -:  868:	    }
        -:  869:				
        -:  870:	  //draw 4
    #####:  871:	  for (i = 0; i < 4; i++)
branch  0 never executed
branch  1 never executed
        -:  872:	    {
    #####:  873:	      drawCard(currentPlayer, state);
call    0 never executed
        -:  874:	    }
        -:  875:				
        -:  876:	  //other players discard hand and redraw if hand size > 4
    #####:  877:	  for (i = 0; i < state->numPlayers; i++)
branch  0 never executed
branch  1 never executed
        -:  878:	    {
    #####:  879:	      if (i != currentPlayer)
branch  0 never executed
branch  1 never executed
        -:  880:		{
    #####:  881:		  if ( state->handCount[i] > 4 )
branch  0 never executed
branch  1 never executed
        -:  882:		    {
        -:  883:		      //discard hand
    #####:  884:		      while( state->handCount[i] > 0 )
branch  0 never executed
branch  1 never executed
        -:  885:			{
    #####:  886:			  discardCard(handPos, i, state, 0);
call    0 never executed
        -:  887:			}
        -:  888:							
        -:  889:		      //draw 4
    #####:  890:		      for (j = 0; j < 4; j++)
branch  0 never executed
branch  1 never executed
        -:  891:			{
    #####:  892:			  drawCard(i, state);
call    0 never executed
        -:  893:			}
        -:  894:		    }
        -:  895:		}
        -:  896:	    }
        -:  897:				
        -:  898:	}
    #####:  899:      return 0;
        -:  900:		
        -:  901:    case steward:
    #####:  902:      if (choice1 == 1)
branch  0 never executed
branch  1 never executed
        -:  903:	{
        -:  904:	  //+2 cards
    #####:  905:	  drawCard(currentPlayer, state);
call    0 never executed
    #####:  906:	  drawCard(currentPlayer, state);
call    0 never executed
        -:  907:	}
    #####:  908:      else if (choice1 == 2)
branch  0 never executed
branch  1 never executed
        -:  909:	{
        -:  910:	  //+2 coins
    #####:  911:	  state->coins = state->coins + 2;
        -:  912:	}
        -:  913:      else
        -:  914:	{
        -:  915:	  //trash 2 cards in hand
    #####:  916:	  discardCard(choice2, currentPlayer, state, 1);
call    0 never executed
    #####:  917:	  discardCard(choice3, currentPlayer, state, 1);
call    0 never executed
        -:  918:	}
        -:  919:			
        -:  920:      //discard card from hand
    #####:  921:      discardCard(handPos, currentPlayer, state, 0);
call    0 never executed
    #####:  922:      return 0;
        -:  923:		
        -:  924:    case tribute:
    #####:  925:       playTribute(currentPlayer, nextPlayer, state);
call    0 never executed
        -:  926:    case ambassador:
    #####:  927:      j = 0;		//used to check if player has enough cards to discard
        -:  928:
    #####:  929:      if (choice2 > 2 || choice2 < 0)
branch  0 never executed
branch  1 never executed
branch  2 never executed
branch  3 never executed
        -:  930:	{
    #####:  931:	  return -1;				
        -:  932:	}
        -:  933:
    #####:  934:      if (choice1 == handPos)
branch  0 never executed
branch  1 never executed
        -:  935:	{
    #####:  936:	  return -1;
        -:  937:	}
        -:  938:
    #####:  939:      for (i = 0; i < state->handCount[currentPlayer]; i++)
branch  0 never executed
branch  1 never executed
        -:  940:	{
    #####:  941:	  if (i != handPos && i == state->hand[currentPlayer][choice1] && i != choice1)
branch  0 never executed
branch  1 never executed
branch  2 never executed
branch  3 never executed
branch  4 never executed
branch  5 never executed
        -:  942:	    {
    #####:  943:	      j++;
        -:  944:	    }
        -:  945:	}
    #####:  946:      if (j < choice2)
branch  0 never executed
branch  1 never executed
        -:  947:	{
    #####:  948:	  return -1;				
        -:  949:	}
        -:  950:
        -:  951:      if (DEBUG) 
        -:  952:	printf("Player %d reveals card number: %d\n", currentPlayer, state->hand[currentPlayer][choice1]);
        -:  953:
        -:  954:      //increase supply count for choosen card by amount being discarded
    #####:  955:      state->supplyCount[state->hand[currentPlayer][choice1]] += choice2;
        -:  956:			
        -:  957:      //each other player gains a copy of revealed card
    #####:  958:      for (i = 0; i < state->numPlayers; i++)
branch  0 never executed
branch  1 never executed
        -:  959:	{
    #####:  960:	  if (i != currentPlayer)
branch  0 never executed
branch  1 never executed
        -:  961:	    {
    #####:  962:	      gainCard(state->hand[currentPlayer][choice1], state, 0, i);
call    0 never executed
        -:  963:	    }
        -:  964:	}
        -:  965:
        -:  966:      //discard played card from hand
    #####:  967:      discardCard(handPos, currentPlayer, state, 0);			
call    0 never executed
        -:  968:
        -:  969:      //trash copies of cards returned to supply
    #####:  970:      for (j = 0; j < choice2; j++)
branch  0 never executed
branch  1 never executed
        -:  971:	{
    #####:  972:	  for (i = 0; i < state->handCount[currentPlayer]; i++)
branch  0 never executed
branch  1 never executed
        -:  973:	    {
    #####:  974:	      if (state->hand[currentPlayer][i] == state->hand[currentPlayer][choice1])
branch  0 never executed
branch  1 never executed
        -:  975:		{
    #####:  976:		  discardCard(i, currentPlayer, state, 1);
call    0 never executed
    #####:  977:		  break;
        -:  978:		}
        -:  979:	    }
        -:  980:	}			
        -:  981:
    #####:  982:      return 0;
        -:  983:		
        -:  984:    case cutpurse:
        -:  985:
    #####:  986:      updateCoins(currentPlayer, state, 2);
call    0 never executed
    #####:  987:      for (i = 0; i < state->numPlayers; i++)
branch  0 never executed
branch  1 never executed
        -:  988:	{
    #####:  989:	  if (i != currentPlayer)
branch  0 never executed
branch  1 never executed
        -:  990:	    {
    #####:  991:	      for (j = 0; j < state->handCount[i]; j++)
branch  0 never executed
branch  1 never executed
        -:  992:		{
    #####:  993:		  if (state->hand[i][j] == copper)
branch  0 never executed
branch  1 never executed
        -:  994:		    {
    #####:  995:		      discardCard(j, i, state, 0);
call    0 never executed
    #####:  996:		      break;
        -:  997:		    }
    #####:  998:		  if (j == state->handCount[i])
branch  0 never executed
branch  1 never executed
        -:  999:		    {
    #####: 1000:		      for (k = 0; k < state->handCount[i]; k++)
branch  0 never executed
branch  1 never executed
        -: 1001:			{
        -: 1002:			  if (DEBUG)
        -: 1003:			    printf("Player %d reveals card number %d\n", i, state->hand[i][k]);
        -: 1004:			}	
    #####: 1005:		      break;
        -: 1006:		    }		
        -: 1007:		}
        -: 1008:					
        -: 1009:	    }
        -: 1010:				
        -: 1011:	}				
        -: 1012:
        -: 1013:      //discard played card from hand
    #####: 1014:      discardCard(handPos, currentPlayer, state, 0);			
call    0 never executed
        -: 1015:
    #####: 1016:      return 0;
        -: 1017:
        -: 1018:		
        -: 1019:    case embargo: 
        -: 1020:      //+2 Coins
    #####: 1021:      state->coins = state->coins + 2;
        -: 1022:			
        -: 1023:      //see if selected pile is in play
    #####: 1024:      if ( state->supplyCount[choice1] == -1 )
branch  0 never executed
branch  1 never executed
        -: 1025:	{
    #####: 1026:	  return -1;
        -: 1027:	}
        -: 1028:			
        -: 1029:      //add embargo token to selected supply pile
    #####: 1030:      state->embargoTokens[choice1]++;
        -: 1031:			
        -: 1032:      //trash card
    #####: 1033:      discardCard(handPos, currentPlayer, state, 1);		
call    0 never executed
    #####: 1034:      return 0;
        -: 1035:		
        -: 1036:    case outpost:
        -: 1037:      //set outpost flag
    #####: 1038:      state->outpostPlayed++;
        -: 1039:			
        -: 1040:      //discard card
    #####: 1041:      discardCard(handPos, currentPlayer, state, 0);
call    0 never executed
    #####: 1042:      return 0;
        -: 1043:		
        -: 1044:    case salvager:
        -: 1045:      //+1 buy
    #####: 1046:      state->numBuys++;
        -: 1047:			
    #####: 1048:      if (choice1)
branch  0 never executed
branch  1 never executed
        -: 1049:	{
        -: 1050:	  //gain coins equal to trashed card
    #####: 1051:	  state->coins = state->coins + getCost( handCard(choice1, state) );
call    0 never executed
call    1 never executed
        -: 1052:	  //trash card
    #####: 1053:	  discardCard(choice1, currentPlayer, state, 1);	
call    0 never executed
        -: 1054:	}
        -: 1055:			
        -: 1056:      //discard card
    #####: 1057:      discardCard(handPos, currentPlayer, state, 0);
call    0 never executed
    #####: 1058:      return 0;
        -: 1059:		
        -: 1060:    case sea_hag:
    #####: 1061:      for (i = 0; i < state->numPlayers; i++){
branch  0 never executed
branch  1 never executed
    #####: 1062:	if (i != currentPlayer){
branch  0 never executed
branch  1 never executed
    #####: 1063:	  state->discard[i][state->discardCount[i]] = state->deck[i][state->deckCount[i]--];			    state->deckCount[i]--;
    #####: 1064:	  state->discardCount[i]++;
    #####: 1065:	  state->deck[i][state->deckCount[i]--] = curse;//Top card now a curse
        -: 1066:	}
        -: 1067:      }
    #####: 1068:      return 0;
        -: 1069:		
        -: 1070:    case treasure_map:
        -: 1071:      //search hand for another treasure_map
    #####: 1072:      index = -1;
    #####: 1073:      for (i = 0; i < state->handCount[currentPlayer]; i++)
branch  0 never executed
branch  1 never executed
        -: 1074:	{
    #####: 1075:	  if (state->hand[currentPlayer][i] == treasure_map && i != handPos)
branch  0 never executed
branch  1 never executed
branch  2 never executed
branch  3 never executed
        -: 1076:	    {
    #####: 1077:	      index = i;
    #####: 1078:	      break;
        -: 1079:	    }
        -: 1080:	}
    #####: 1081:      if (index > -1)
branch  0 never executed
branch  1 never executed
        -: 1082:	{
        -: 1083:	  //trash both treasure cards
    #####: 1084:	  discardCard(handPos, currentPlayer, state, 1);
call    0 never executed
    #####: 1085:	  discardCard(index, currentPlayer, state, 1);
call    0 never executed
        -: 1086:
        -: 1087:	  //gain 4 Gold cards
    #####: 1088:	  for (i = 0; i < 4; i++)
branch  0 never executed
branch  1 never executed
        -: 1089:	    {
    #####: 1090:	      gainCard(gold, state, 1, currentPlayer);
call    0 never executed
        -: 1091:	    }
        -: 1092:				
        -: 1093:	  //return success
    #####: 1094:	  return 1;
        -: 1095:	}
        -: 1096:			
        -: 1097:      //no second treasure_map found in hand
    #####: 1098:      return -1;
        -: 1099:    }
        -: 1100:	
    #####: 1101:  return -1;
        -: 1102:}
        -: 1103:
function discardCard called 1000 returned 100% blocks executed 89%
     1000: 1104:int discardCard(int handPos, int currentPlayer, struct gameState *state, int trashFlag)
        -: 1105:{
        -: 1106:	
        -: 1107:  //if card is not trashed, added to Played pile 
     1000: 1108:  if (trashFlag < 1)
branch  0 taken 1000 (fallthrough)
branch  1 taken 0
        -: 1109:    {
        -: 1110:      //add card to played pile
     1000: 1111:      state->playedCards[state->playedCardCount] = state->hand[currentPlayer][handPos]; 
     1000: 1112:      state->playedCardCount++;
        -: 1113:    }
        -: 1114:	
        -: 1115:  //set played card to -1
     1000: 1116:  state->hand[currentPlayer][handPos] = -1;
        -: 1117:	
        -: 1118:  //remove card from player's hand
     1000: 1119:  if ( handPos == (state->handCount[currentPlayer] - 1) ) 	//last card in hand array is played
branch  0 taken 201 (fallthrough)
branch  1 taken 799
        -: 1120:    {
        -: 1121:      //reduce number of cards in hand
      201: 1122:      state->handCount[currentPlayer]--;
        -: 1123:    }
      799: 1124:  else if ( state->handCount[currentPlayer] == 1 ) //only one card in hand
branch  0 taken 0 (fallthrough)
branch  1 taken 799
        -: 1125:    {
        -: 1126:      //reduce number of cards in hand
    #####: 1127:      state->handCount[currentPlayer]--;
        -: 1128:    }
        -: 1129:  else 	
        -: 1130:    {
        -: 1131:      //replace discarded card with last card in hand
      799: 1132:      state->hand[currentPlayer][handPos] = state->hand[currentPlayer][ (state->handCount[currentPlayer] - 1)];
        -: 1133:      //set last card to -1
      799: 1134:      state->hand[currentPlayer][state->handCount[currentPlayer] - 1] = -1;
        -: 1135:      //reduce number of cards in hand
      799: 1136:      state->handCount[currentPlayer]--;
        -: 1137:    }
        -: 1138:	
     1000: 1139:  return 0;
        -: 1140:}
        -: 1141:
function gainCard called 0 returned 0% blocks executed 0%
    #####: 1142:int gainCard(int supplyPos, struct gameState *state, int toFlag, int player)
        -: 1143:{
        -: 1144:  //Note: supplyPos is enum of choosen card
        -: 1145:	
        -: 1146:  //check if supply pile is empty (0) or card is not used in game (-1)
    #####: 1147:  if ( supplyCount(supplyPos, state) < 1 )
call    0 never executed
branch  1 never executed
branch  2 never executed
        -: 1148:    {
    #####: 1149:      return -1;
        -: 1150:    }
        -: 1151:	
        -: 1152:  //added card for [whoseTurn] current player:
        -: 1153:  // toFlag = 0 : add to discard
        -: 1154:  // toFlag = 1 : add to deck
        -: 1155:  // toFlag = 2 : add to hand
        -: 1156:
    #####: 1157:  if (toFlag == 1)
branch  0 never executed
branch  1 never executed
        -: 1158:    {
    #####: 1159:      state->deck[ player ][ state->deckCount[player] ] = supplyPos;
    #####: 1160:      state->deckCount[player]++;
        -: 1161:    }
    #####: 1162:  else if (toFlag == 2)
branch  0 never executed
branch  1 never executed
        -: 1163:    {
    #####: 1164:      state->hand[ player ][ state->handCount[player] ] = supplyPos;
    #####: 1165:      state->handCount[player]++;
        -: 1166:    }
        -: 1167:  else
        -: 1168:    {
    #####: 1169:      state->discard[player][ state->discardCount[player] ] = supplyPos;
    #####: 1170:      state->discardCount[player]++;
        -: 1171:    }
        -: 1172:	
        -: 1173:  //decrease number in supply pile
    #####: 1174:  state->supplyCount[supplyPos]--;
        -: 1175:	 
    #####: 1176:  return 0;
        -: 1177:}
        -: 1178:
function updateCoins called 509 returned 100% blocks executed 82%
      509: 1179:int updateCoins(int player, struct gameState *state, int bonus)
        -: 1180:{
        -: 1181:  int i;
        -: 1182:	
        -: 1183:  //reset coin count
      509: 1184:  state->coins = 0;
        -: 1185:
        -: 1186:  //add coins for each Treasure card in player's hand
     3054: 1187:  for (i = 0; i < state->handCount[player]; i++)
branch  0 taken 2545
branch  1 taken 509 (fallthrough)
        -: 1188:    {
     2545: 1189:      if (state->hand[player][i] == copper)
branch  0 taken 1764 (fallthrough)
branch  1 taken 781
        -: 1190:	{
     1764: 1191:	  state->coins += 1;
        -: 1192:	}
      781: 1193:      else if (state->hand[player][i] == silver)
branch  0 taken 0 (fallthrough)
branch  1 taken 781
        -: 1194:	{
    #####: 1195:	  state->coins += 2;
        -: 1196:	}
      781: 1197:      else if (state->hand[player][i] == gold)
branch  0 taken 0 (fallthrough)
branch  1 taken 781
        -: 1198:	{
    #####: 1199:	  state->coins += 3;
        -: 1200:	}	
        -: 1201:    }	
        -: 1202:
        -: 1203:  //add bonus
      509: 1204:  state->coins += bonus;
        -: 1205:
      509: 1206:  return 0;
        -: 1207:}
        -: 1208:
        -: 1209:/*Refactor #1 - Village Card*/
function playVillage called 1000 returned 100% blocks executed 100%
     1000: 1210:int playVillage(int currentPlayer, int handPos, struct gameState *state){
        -: 1211:    //+1 Card
     1000: 1212:    drawCard(currentPlayer, state);
call    0 returned 1000
        -: 1213:
        -: 1214:    //+2 Actions
     1000: 1215:    state->numActions = state->numActions + 3;
        -: 1216:			
        -: 1217:    //discard played card from hand
     1000: 1218:    discardCard(handPos, currentPlayer, state, 0);
call    0 returned 1000
     1000: 1219:    return 0;
        -: 1220:}
        -: 1221:
        -: 1222:/*Refactor #2 - Tribute Card*/
function playTribute called 0 returned 0% blocks executed 0%
    #####: 1223:int playTribute(int currentPlayer, int nextPlayer, struct gameState* state){
        -: 1224:	int i;
    #####: 1225:	int tributeRevealedCards[2] = {-1, -1};
        -: 1226:
        -: 1227:      
    #####: 1228:    if ((state->discardCount[nextPlayer] + state->deckCount[nextPlayer]) <= 1)
branch  0 never executed
branch  1 never executed
        -: 1229:    {
    #####: 1230:		if (state->deckCount[nextPlayer] > 0)
branch  0 never executed
branch  1 never executed
        -: 1231:		{
    #####: 1232:	  		tributeRevealedCards[0] = state->deck[nextPlayer][state->deckCount[nextPlayer]-1];
    #####: 1233:	  		state->deckCount[nextPlayer]--;
        -: 1234:		}
    #####: 1235:		else if (state->discardCount[nextPlayer] > 0)
branch  0 never executed
branch  1 never executed
        -: 1236:		{
    #####: 1237:	  		tributeRevealedCards[0] = state->discard[nextPlayer][state->discardCount[nextPlayer]-1];
    #####: 1238:	  		state->discardCount[nextPlayer]--;
        -: 1239:		}
        -: 1240:		else
        -: 1241:		{
        -: 1242:	  		//No Card to Reveal
        -: 1243:	  		if (DEBUG)
        -: 1244:	  		{
        -: 1245:	    		printf("No cards to reveal\n");
        -: 1246:	  		}	
        -: 1247:		}
        -: 1248:    }
        -: 1249:	    
        -: 1250:    else
        -: 1251:    {
    #####: 1252:		if (state->deckCount[nextPlayer] == 0)
branch  0 never executed
branch  1 never executed
        -: 1253:		{
    #####: 1254:	  		for (i = 0; i < state->discardCount[nextPlayer]; i++)
branch  0 never executed
branch  1 never executed
        -: 1255:	  		{
    #####: 1256:	    		state->deck[nextPlayer][i] = state->discard[nextPlayer][i];//Move to deck
    #####: 1257:	    		state->deckCount[nextPlayer]++;
    #####: 1258:	    		state->discard[nextPlayer][i] = -1;
    #####: 1259:	    		state->discardCount[nextPlayer]--;
        -: 1260:	  		}
        -: 1261:			    
    #####: 1262:	  		shuffle(nextPlayer,state);//Shuffle the deck
call    0 never executed
        -: 1263:		} 
        -: 1264:	
    #####: 1265:		tributeRevealedCards[0] = state->deck[nextPlayer][state->deckCount[nextPlayer]-1];
    #####: 1266:		state->deck[nextPlayer][state->deckCount[nextPlayer]--] = -1;
    #####: 1267:		state->deckCount[nextPlayer]--;
    #####: 1268:		tributeRevealedCards[1] = state->deck[nextPlayer][state->deckCount[nextPlayer]-1];
    #####: 1269:		state->deck[nextPlayer][state->deckCount[nextPlayer]--] = -1;
    #####: 1270:		state->deckCount[nextPlayer]--;
        -: 1271:    }    
        -: 1272:		       
    #####: 1273:    if (tributeRevealedCards[0] == tributeRevealedCards[1])
branch  0 never executed
branch  1 never executed
        -: 1274:    {	//If we have a duplicate card, just drop one 
    #####: 1275:		state->playedCards[state->playedCardCount] = tributeRevealedCards[1];
    #####: 1276:		state->playedCardCount++;
    #####: 1277:		tributeRevealedCards[1] = -1;
        -: 1278:    }
        -: 1279:
    #####: 1280:    for (i = 0; i <= 2; i ++)
branch  0 never executed
branch  1 never executed
        -: 1281:    {
    #####: 1282:		if (tributeRevealedCards[i] == copper || tributeRevealedCards[i] == silver || tributeRevealedCards[i] == gold)
branch  0 never executed
branch  1 never executed
branch  2 never executed
branch  3 never executed
branch  4 never executed
branch  5 never executed
        -: 1283:		{	//Treasure cards
    #####: 1284:	  		state->coins += 2;
        -: 1285:		}
        -: 1286:		    
    #####: 1287:		else if (tributeRevealedCards[i] == estate || tributeRevealedCards[i] == duchy || tributeRevealedCards[i] == province || tributeRevealedCards[i] == gardens || tributeRevealedCards[i] == great_hall)
branch  0 never executed
branch  1 never executed
branch  2 never executed
branch  3 never executed
branch  4 never executed
branch  5 never executed
branch  6 never executed
branch  7 never executed
branch  8 never executed
branch  9 never executed
        -: 1288:		{	//Victory Card Found
    #####: 1289:	  		drawCard(currentPlayer, state);
call    0 never executed
    #####: 1290:	  		drawCard(currentPlayer, state);
call    0 never executed
        -: 1291:		}
        -: 1292:		else			
        -: 1293:		{	//Action Card
    #####: 1294:	  		state->numActions = state->numActions + 2;
        -: 1295:		}
        -: 1296:    }
        -: 1297:	    
    #####: 1298:    return 0;		
        -: 1299:}
        -: 1300:
        -: 1301:/*Refactor #3 - Mine Card*/
function playMine called 0 returned 0% blocks executed 0%
    #####: 1302:int playMine(int currentPlayer, int handPos, int choice1, int choice2, struct gameState* state){
        -: 1303:	int i;
        -: 1304:	int j;
        -: 1305:
    #####: 1306: 	j = state->hand[currentPlayer][choice1];  //store card we will trash
        -: 1307:
    #####: 1308:    if (state->hand[currentPlayer][choice1] < copper || state->hand[currentPlayer][choice1] > gold)
branch  0 never executed
branch  1 never executed
branch  2 never executed
branch  3 never executed
        -: 1309:	{
    #####: 1310:		return -1;
        -: 1311:	}
        -: 1312:		
    #####: 1313:    if (choice2 > treasure_map || choice2 < curse)
branch  0 never executed
branch  1 never executed
branch  2 never executed
branch  3 never executed
        -: 1314:	{
    #####: 1315:		return -1;
        -: 1316:	}
        -: 1317:
    #####: 1318:    if ( (getCost(state->hand[currentPlayer][choice1]) + 3) > getCost(choice2) )
call    0 never executed
call    1 never executed
branch  2 never executed
branch  3 never executed
        -: 1319:	{
    #####: 1320:		return -1;
        -: 1321:	}
        -: 1322:
    #####: 1323:    gainCard(choice2, state, 2, currentPlayer);
call    0 never executed
        -: 1324:
        -: 1325:    //discard card from hand
    #####: 1326:    discardCard(handPos, currentPlayer, state, 0);
call    0 never executed
        -: 1327:
        -: 1328:    //discard trashed card
    #####: 1329:    for (i = 0; i < state->handCount[currentPlayer]; i++)
branch  0 never executed
branch  1 never executed
        -: 1330:	{
    #####: 1331:		if (state->hand[currentPlayer][i] == j)
branch  0 never executed
branch  1 never executed
        -: 1332:	    {
    #####: 1333:	    	discardCard(i, currentPlayer, state, 0);			
call    0 never executed
    #####: 1334:	    	break;
        -: 1335:	    }
        -: 1336:	}
        -: 1337:			
    #####: 1338:    return 0;
        -: 1339:}
        -: 1340:
        -: 1341:/*Refactor #4 - Smithy Card*/
function playSmithy called 0 returned 0% blocks executed 0%
    #####: 1342:int playSmithy(int currentPlayer, int handPos, struct gameState *state){
        -: 1343:	int i;
        -: 1344:
        -: 1345:    //+3 Cards
        -: 1346:  /* originally i <3 */
    #####: 1347:    for (i = 0; i < 3; i++)
branch  0 never executed
branch  1 never executed
        -: 1348:	{
    #####: 1349:	  drawCard(currentPlayer, state);
call    0 never executed
        -: 1350:	}
        -: 1351:			
        -: 1352:    //discard card from hand
    #####: 1353:    discardCard(handPos, currentPlayer, state, 0);
call    0 never executed
        -: 1354:
    #####: 1355:    return 0;
        -: 1356:}
        -: 1357:
        -: 1358:/*Refactor #5 - Adventurer Card*/
function playAdventurer called 0 returned 0% blocks executed 0%
    #####: 1359:int playAdventurer(int currentPlayer, struct gameState* state){
    #####: 1360:	int z = 0; //counter for temphand
        -: 1361:	int temphand[MAX_HAND];// moved above the if statement
    #####: 1362:	int drawntreasure=0;
        -: 1363:	int cardDrawn;
        -: 1364:    
    #####: 1365:    while(drawntreasure<2)
branch  0 never executed
branch  1 never executed
        -: 1366:    {
    #####: 1367:		if (state->deckCount[currentPlayer] <1)
branch  0 never executed
branch  1 never executed
        -: 1368:		{	//if the deck is empty we need to shuffle discard and add to deck
    #####: 1369:			shuffle(currentPlayer, state);
call    0 never executed
        -: 1370:		}
    #####: 1371:		drawCard(currentPlayer, state);
call    0 never executed
    #####: 1372:		cardDrawn = state->hand[currentPlayer][state->handCount[currentPlayer]-1];//top card of hand is most recently drawn card.
    #####: 1373:		if (cardDrawn == copper || cardDrawn == silver || cardDrawn == gold)
branch  0 never executed
branch  1 never executed
branch  2 never executed
branch  3 never executed
branch  4 never executed
branch  5 never executed
        -: 1374:		{
    #####: 1375:	  		drawntreasure++;
        -: 1376:		}
        -: 1377:		else{
    #####: 1378:	  		temphand[z]=cardDrawn;
    #####: 1379:	  		state->handCount[currentPlayer]--; //this should just remove the top card (the most recently drawn one).
    #####: 1380:	  		z++;
        -: 1381:		}
        -: 1382:    }
        -: 1383:    
    #####: 1384:    while(z-1>=0)
branch  0 never executed
branch  1 never executed
        -: 1385:    {
    #####: 1386:		  state->discard[currentPlayer][state->discardCount[currentPlayer]++]=temphand[z-1]; // discard all cards in play that have been drawn
    #####: 1387:		  z=z-1;
        -: 1388:    }
        -: 1389:    
    #####: 1390:    return 0;
        -: 1391:}
        -: 1392:
        -: 1393://end of dominion.c
