        -:    0:Source:dominion.c
        -:    0:Graph:dominion.gcno
        -:    0:Data:dominion.gcda
        -:    0:Runs:1
        -:    0:Programs:1
        -:    1:#include "dominion.h"
        -:    2:#include "dominion_helpers.h"
        -:    3:#include "rngs.h"
        -:    4:#include <stdio.h>
        -:    5:#include <math.h>
        -:    6:#include <stdlib.h>
        -:    7:
      159:    8:int compare(const void* a, const void* b) {
      159:    9:  if (*(int*)a > *(int*)b)
    #####:   10:    return 1;
      159:   11:  if (*(int*)a < *(int*)b)
    #####:   12:    return -1;
      159:   13:  return 0;
        -:   14:}
        -:   15:
    #####:   16:struct gameState* newGame() {
    #####:   17:  struct gameState* g = malloc(sizeof(struct gameState));
    #####:   18:  return g;
        -:   19:}
        -:   20:
    #####:   21:int* kingdomCards(int k1, int k2, int k3, int k4, int k5, int k6, int k7,
        -:   22:		  int k8, int k9, int k10) {
    #####:   23:  int* k = malloc(10 * sizeof(int));
    #####:   24:  k[0] = k1;
    #####:   25:  k[1] = k2;
    #####:   26:  k[2] = k3;
    #####:   27:  k[3] = k4;
    #####:   28:  k[4] = k5;
    #####:   29:  k[5] = k6;
    #####:   30:  k[6] = k7;
    #####:   31:  k[7] = k8;
    #####:   32:  k[8] = k9;
    #####:   33:  k[9] = k10;
    #####:   34:  return k;
        -:   35:}
        -:   36:
        1:   37:int initializeGame(int numPlayers, int kingdomCards[10], int randomSeed,
        -:   38:		   struct gameState *state) {
        -:   39:
        -:   40:  int i;
        -:   41:  int j;
        -:   42:  int it;			
        -:   43:  //set up random number generator
        1:   44:  SelectStream(1);
        1:   45:  PutSeed((long)randomSeed);
        -:   46:  
        -:   47:  //check number of players
        1:   48:  if (numPlayers > MAX_PLAYERS || numPlayers < 2)
        -:   49:    {
        1:   50:      return -1;
        -:   51:    }
        -:   52:
        -:   53:  //set number of players
    #####:   54:  state->numPlayers = numPlayers;
        -:   55:
        -:   56:  //check selected kingdom cards are different
    #####:   57:  for (i = 0; i < 10; i++)
        -:   58:    {
    #####:   59:      for (j = 0; j < 10; j++)
        -:   60:        {
    #####:   61:	  if (j != i && kingdomCards[j] == kingdomCards[i])
        -:   62:	    {
    #####:   63:	      return -1;
        -:   64:	    }
        -:   65:        }
        -:   66:    }
        -:   67:
        -:   68:
        -:   69:  //initialize supply
        -:   70:  ///////////////////////////////
        -:   71:
        -:   72:  //set number of Curse cards
    #####:   73:  if (numPlayers == 2)
        -:   74:    {
    #####:   75:      state->supplyCount[curse] = 10;
        -:   76:    }
    #####:   77:  else if (numPlayers == 3)
        -:   78:    {
    #####:   79:      state->supplyCount[curse] = 20;
        -:   80:    }
        -:   81:  else
        -:   82:    {
    #####:   83:      state->supplyCount[curse] = 30;
        -:   84:    }
        -:   85:
        -:   86:  //set number of Victory cards
    #####:   87:  if (numPlayers == 2)
        -:   88:    {
    #####:   89:      state->supplyCount[estate] = 8;
    #####:   90:      state->supplyCount[duchy] = 8;
    #####:   91:      state->supplyCount[province] = 8;
        -:   92:    }
        -:   93:  else
        -:   94:    {
    #####:   95:      state->supplyCount[estate] = 12;
    #####:   96:      state->supplyCount[duchy] = 12;
    #####:   97:      state->supplyCount[province] = 12;
        -:   98:    }
        -:   99:
        -:  100:  //set number of Treasure cards
    #####:  101:  state->supplyCount[copper] = 60 - (7 * numPlayers);
    #####:  102:  state->supplyCount[silver] = 40;
    #####:  103:  state->supplyCount[gold] = 30;
        -:  104:
        -:  105:  //set number of Kingdom cards
    #####:  106:  for (i = adventurer; i <= treasure_map; i++)       	//loop all cards
        -:  107:    {
    #####:  108:      for (j = 0; j < 10; j++)           		//loop chosen cards
        -:  109:	{
    #####:  110:	  if (kingdomCards[j] == i)
        -:  111:	    {
        -:  112:	      //check if card is a 'Victory' Kingdom card
    #####:  113:	      if (kingdomCards[j] == great_hall || kingdomCards[j] == gardens)
        -:  114:		{
    #####:  115:		  if (numPlayers == 2){ 
    #####:  116:		    state->supplyCount[i] = 8; 
        -:  117:		  }
    #####:  118:		  else{ state->supplyCount[i] = 12; }
        -:  119:		}
        -:  120:	      else
        -:  121:		{
    #####:  122:		  state->supplyCount[i] = 10;
        -:  123:		}
    #####:  124:	      break;
        -:  125:	    }
        -:  126:	  else    //card is not in the set choosen for the game
        -:  127:	    {
    #####:  128:	      state->supplyCount[i] = -1;
        -:  129:	    }
        -:  130:	}
        -:  131:
        -:  132:    }
        -:  133:
        -:  134:  ////////////////////////
        -:  135:  //supply intilization complete
        -:  136:
        -:  137:  //set player decks
    #####:  138:  for (i = 0; i < numPlayers; i++)
        -:  139:    {
    #####:  140:      state->deckCount[i] = 0;
    #####:  141:      for (j = 0; j < 3; j++)
        -:  142:	{
    #####:  143:	  state->deck[i][j] = estate;
    #####:  144:	  state->deckCount[i]++;
        -:  145:	}
    #####:  146:      for (j = 3; j < 10; j++)
        -:  147:	{
    #####:  148:	  state->deck[i][j] = copper;
    #####:  149:	  state->deckCount[i]++;		
        -:  150:	}
        -:  151:    }
        -:  152:
        -:  153:  //shuffle player decks
    #####:  154:  for (i = 0; i < numPlayers; i++)
        -:  155:    {
    #####:  156:      if ( shuffle(i, state) < 0 )
        -:  157:	{
    #####:  158:	  return -1;
        -:  159:	}
        -:  160:    }
        -:  161:
        -:  162:  //draw player hands
    #####:  163:  for (i = 0; i < numPlayers; i++)
        -:  164:    {  
        -:  165:      //initialize hand size to zero
    #####:  166:      state->handCount[i] = 0;
    #####:  167:      state->discardCount[i] = 0;
        -:  168:      //draw 5 cards
        -:  169:      // for (j = 0; j < 5; j++)
        -:  170:      //	{
        -:  171:      //	  drawCard(i, state);
        -:  172:      //	}
        -:  173:    }
        -:  174:  
        -:  175:  //set embargo tokens to 0 for all supply piles
    #####:  176:  for (i = 0; i <= treasure_map; i++)
        -:  177:    {
    #####:  178:      state->embargoTokens[i] = 0;
        -:  179:    }
        -:  180:
        -:  181:  //initialize first player's turn
    #####:  182:  state->outpostPlayed = 0;
    #####:  183:  state->phase = 0;
    #####:  184:  state->numActions = 1;
    #####:  185:  state->numBuys = 1;
    #####:  186:  state->playedCardCount = 0;
    #####:  187:  state->whoseTurn = 0;
    #####:  188:  state->handCount[state->whoseTurn] = 0;
        -:  189:  //int it; move to top
        -:  190:
        -:  191:  //Moved draw cards to here, only drawing at the start of a turn
    #####:  192:  for (it = 0; it < 5; it++){
    #####:  193:    drawCard(state->whoseTurn, state);
        -:  194:  }
        -:  195:
    #####:  196:  updateCoins(state->whoseTurn, state, 0);
        -:  197:
    #####:  198:  return 0;
        -:  199:}
        -:  200:
     2270:  201:int shuffle(int player, struct gameState *state) {
        -:  202: 
        -:  203:
        -:  204:  int newDeck[MAX_DECK];
     2270:  205:  int newDeckPos = 0;
        -:  206:  int card;
        -:  207:  int i;
        -:  208:
     2270:  209:  if (state->deckCount[player] < 1)
     2269:  210:    return -1;
        1:  211:  qsort ((void*)(state->deck[player]), state->deckCount[player], sizeof(int), compare); 
        -:  212:  /* SORT CARDS IN DECK TO ENSURE DETERMINISM! */
        -:  213:
       59:  214:  while (state->deckCount[player] > 0) {
       57:  215:    card = floor(Random() * state->deckCount[player]);
       57:  216:    newDeck[newDeckPos] = state->deck[player][card];
       57:  217:    newDeckPos++;
      796:  218:    for (i = card; i < state->deckCount[player]-1; i++) {
      739:  219:      state->deck[player][i] = state->deck[player][i+1];
        -:  220:    }
       57:  221:    state->deckCount[player]--;
        -:  222:  }
       58:  223:  for (i = 0; i < newDeckPos; i++) {
       57:  224:    state->deck[player][i] = newDeck[i];
       57:  225:    state->deckCount[player]++;
        -:  226:  }
        -:  227:
        1:  228:  return 0;
        -:  229:}
        -:  230:
    #####:  231:int playCard(int handPos, int choice1, int choice2, int choice3, struct gameState *state) 
        -:  232:{	
        -:  233:  int card;
    #####:  234:  int coin_bonus = 0; 		//tracks coins gain from actions
        -:  235:
        -:  236:  //check if it is the right phase
    #####:  237:  if (state->phase != 0)
        -:  238:    {
    #####:  239:      return -1;
        -:  240:    }
        -:  241:	
        -:  242:  //check if player has enough actions
    #####:  243:  if ( state->numActions < 1 )
        -:  244:    {
    #####:  245:      return -1;
        -:  246:    }
        -:  247:	
        -:  248:  //get card played
    #####:  249:  card = handCard(handPos, state);
        -:  250:	
        -:  251:  //check if selected card is an action
    #####:  252:  if ( card < adventurer || card > treasure_map )
        -:  253:    {
    #####:  254:      return -1;
        -:  255:    }
        -:  256:	
        -:  257:  //play card
    #####:  258:  if ( cardEffect(card, choice1, choice2, choice3, state, handPos, &coin_bonus) < 0 )
        -:  259:    {
    #####:  260:      return -1;
        -:  261:    }
        -:  262:	
        -:  263:  //reduce number of actions
    #####:  264:  state->numActions--;
        -:  265:
        -:  266:  //update coins (Treasure cards may be added with card draws)
    #####:  267:  updateCoins(state->whoseTurn, state, coin_bonus);
        -:  268:	
    #####:  269:  return 0;
        -:  270:}
        -:  271:
    #####:  272:int buyCard(int supplyPos, struct gameState *state) {
        -:  273:  int who;
        -:  274:  if (DEBUG){
        -:  275:    printf("Entering buyCard...\n");
        -:  276:  }
        -:  277:
        -:  278:  // I don't know what to do about the phase thing.
        -:  279:
    #####:  280:  who = state->whoseTurn;
        -:  281:
    #####:  282:  if (state->numBuys < 1){
        -:  283:    if (DEBUG)
        -:  284:      printf("You do not have any buys left\n");
    #####:  285:    return -1;
    #####:  286:  } else if (supplyCount(supplyPos, state) <1){
        -:  287:    if (DEBUG)
        -:  288:      printf("There are not any of that type of card left\n");
    #####:  289:    return -1;
    #####:  290:  } else if (state->coins < getCost(supplyPos)){
        -:  291:    if (DEBUG) 
        -:  292:      printf("You do not have enough money to buy that. You have %d coins.\n", state->coins);
    #####:  293:    return -1;
        -:  294:  } else {
    #####:  295:    state->phase=1;
        -:  296:    //state->supplyCount[supplyPos]--;
    #####:  297:    gainCard(supplyPos, state, 0, who); //card goes in discard, this might be wrong.. (2 means goes into hand, 0 goes into discard)
        -:  298:  
    #####:  299:    state->coins = (state->coins) - (getCost(supplyPos));
    #####:  300:    state->numBuys--;
        -:  301:    if (DEBUG)
        -:  302:      printf("You bought card number %d for %d coins. You now have %d buys and %d coins.\n", supplyPos, getCost(supplyPos), state->numBuys, state->coins);
        -:  303:  }
        -:  304:
        -:  305:  //state->discard[who][state->discardCount[who]] = supplyPos;
        -:  306:  //state->discardCount[who]++;
        -:  307:    
    #####:  308:  return 0;
        -:  309:}
        -:  310:
    #####:  311:int numHandCards(struct gameState *state) {
    #####:  312:  return state->handCount[ whoseTurn(state) ];
        -:  313:}
        -:  314:
    #####:  315:int handCard(int handPos, struct gameState *state) {
    #####:  316:  int currentPlayer = whoseTurn(state);
    #####:  317:  return state->hand[currentPlayer][handPos];
        -:  318:}
        -:  319:
    #####:  320:int supplyCount(int card, struct gameState *state) {
    #####:  321:  return state->supplyCount[card];
        -:  322:}
        -:  323:
    #####:  324:int fullDeckCount(int player, int card, struct gameState *state) {
        -:  325:  int i;
    #####:  326:  int count = 0;
        -:  327:
    #####:  328:  for (i = 0; i < state->deckCount[player]; i++)
        -:  329:    {
    #####:  330:      if (state->deck[player][i] == card) count++;
        -:  331:    }
        -:  332:
    #####:  333:  for (i = 0; i < state->handCount[player]; i++)
        -:  334:    {
    #####:  335:      if (state->hand[player][i] == card) count++;
        -:  336:    }
        -:  337:
    #####:  338:  for (i = 0; i < state->discardCount[player]; i++)
        -:  339:    {
    #####:  340:      if (state->discard[player][i] == card) count++;
        -:  341:    }
        -:  342:
    #####:  343:  return count;
        -:  344:}
        -:  345:
    #####:  346:int whoseTurn(struct gameState *state) {
    #####:  347:  return state->whoseTurn;
        -:  348:}
        -:  349:
    #####:  350:int endTurn(struct gameState *state) {
        -:  351:  int k;
        -:  352:  int i;
    #####:  353:  int currentPlayer = whoseTurn(state);
        -:  354:  
        -:  355:  //Discard hand
    #####:  356:  for (i = 0; i < state->handCount[currentPlayer]; i++){
    #####:  357:    state->discard[currentPlayer][state->discardCount[currentPlayer]++] = state->hand[currentPlayer][i];//Discard
    #####:  358:    state->hand[currentPlayer][i] = -1;//Set card to -1
        -:  359:  }
    #####:  360:  state->handCount[currentPlayer] = 0;//Reset hand count
        -:  361:    
        -:  362:  //Code for determining the player
    #####:  363:  if (currentPlayer < (state->numPlayers - 1)){ 
    #####:  364:    state->whoseTurn = currentPlayer + 1;//Still safe to increment
        -:  365:  }
        -:  366:  else{
    #####:  367:    state->whoseTurn = 0;//Max player has been reached, loop back around to player 1
        -:  368:  }
        -:  369:
    #####:  370:  state->outpostPlayed = 0;
    #####:  371:  state->phase = 0;
    #####:  372:  state->numActions = 1;
    #####:  373:  state->coins = 0;
    #####:  374:  state->numBuys = 1;
    #####:  375:  state->playedCardCount = 0;
    #####:  376:  state->handCount[state->whoseTurn] = 0;
        -:  377:
        -:  378:  //int k; move to top
        -:  379:  //Next player draws hand
    #####:  380:  for (k = 0; k < 5; k++){
    #####:  381:    drawCard(state->whoseTurn, state);//Draw a card
        -:  382:  }
        -:  383:
        -:  384:  //Update money
    #####:  385:  updateCoins(state->whoseTurn, state , 0);
        -:  386:
    #####:  387:  return 0;
        -:  388:}
        -:  389:
    #####:  390:int isGameOver(struct gameState *state) {
        -:  391:  int i;
        -:  392:  int j;
        -:  393:	
        -:  394:  //if stack of Province cards is empty, the game ends
    #####:  395:  if (state->supplyCount[province] == 0)
        -:  396:    {
    #####:  397:      return 1;
        -:  398:    }
        -:  399:
        -:  400:  //if three supply pile are at 0, the game ends
    #####:  401:  j = 0;
    #####:  402:  for (i = 0; i < 25; i++)
        -:  403:    {
    #####:  404:      if (state->supplyCount[i] == 0)
        -:  405:	{
    #####:  406:	  j++;
        -:  407:	}
        -:  408:    }
    #####:  409:  if ( j >= 3)
        -:  410:    {
    #####:  411:      return 1;
        -:  412:    }
        -:  413:
    #####:  414:  return 0;
        -:  415:}
        -:  416:
    #####:  417:int scoreFor (int player, struct gameState *state) {
        -:  418:
        -:  419:  int i;
    #####:  420:  int score = 0;
        -:  421:  //score from hand
    #####:  422:  for (i = 0; i < state->handCount[player]; i++)
        -:  423:    {
    #####:  424:      if (state->hand[player][i] == curse) { score = score - 1; };
    #####:  425:      if (state->hand[player][i] == estate) { score = score + 1; };
    #####:  426:      if (state->hand[player][i] == duchy) { score = score + 3; };
    #####:  427:      if (state->hand[player][i] == province) { score = score + 6; };
    #####:  428:      if (state->hand[player][i] == great_hall) { score = score + 1; };
    #####:  429:      if (state->hand[player][i] == gardens) { score = score + ( fullDeckCount(player, 0, state) / 10 ); };
        -:  430:    }
        -:  431:
        -:  432:  //score from discard
    #####:  433:  for (i = 0; i < state->discardCount[player]; i++)
        -:  434:    {
    #####:  435:      if (state->discard[player][i] == curse) { score = score - 1; };
    #####:  436:      if (state->discard[player][i] == estate) { score = score + 1; };
    #####:  437:      if (state->discard[player][i] == duchy) { score = score + 3; };
    #####:  438:      if (state->discard[player][i] == province) { score = score + 6; };
    #####:  439:      if (state->discard[player][i] == great_hall) { score = score + 1; };
    #####:  440:      if (state->discard[player][i] == gardens) { score = score + ( fullDeckCount(player, 0, state) / 10 ); };
        -:  441:    }
        -:  442:
        -:  443:  //score from deck
    #####:  444:  for (i = 0; i < state->discardCount[player]; i++)
        -:  445:    {
    #####:  446:      if (state->deck[player][i] == curse) { score = score - 1; };
    #####:  447:      if (state->deck[player][i] == estate) { score = score + 1; };
    #####:  448:      if (state->deck[player][i] == duchy) { score = score + 3; };
    #####:  449:      if (state->deck[player][i] == province) { score = score + 6; };
    #####:  450:      if (state->deck[player][i] == great_hall) { score = score + 1; };
    #####:  451:      if (state->deck[player][i] == gardens) { score = score + ( fullDeckCount(player, 0, state) / 10 ); };
        -:  452:    }
        -:  453:
    #####:  454:  return score;
        -:  455:}
        -:  456:
    #####:  457:int getWinners(int players[MAX_PLAYERS], struct gameState *state) {
        -:  458:  int i;	
        -:  459:  int j;
        -:  460:  int highScore;
        -:  461:  int currentPlayer;
        -:  462:
        -:  463:  //get score for each player
    #####:  464:  for (i = 0; i < MAX_PLAYERS; i++)
        -:  465:    {
        -:  466:      //set unused player scores to -9999
    #####:  467:      if (i >= state->numPlayers)
        -:  468:	{
    #####:  469:	  players[i] = -9999;
        -:  470:	}
        -:  471:      else
        -:  472:	{
    #####:  473:	  players[i] = scoreFor (i, state);
        -:  474:	}
        -:  475:    }
        -:  476:
        -:  477:  //find highest score
    #####:  478:  j = 0;
    #####:  479:  for (i = 0; i < MAX_PLAYERS; i++)
        -:  480:    {
    #####:  481:      if (players[i] > players[j])
        -:  482:	{
    #####:  483:	  j = i;
        -:  484:	}
        -:  485:    }
    #####:  486:  highScore = players[j];
        -:  487:
        -:  488:  //add 1 to players who had less turns
    #####:  489:  currentPlayer = whoseTurn(state);
    #####:  490:  for (i = 0; i < MAX_PLAYERS; i++)
        -:  491:    {
    #####:  492:      if ( players[i] == highScore && i > currentPlayer )
        -:  493:	{
    #####:  494:	  players[i]++;
        -:  495:	}
        -:  496:    }
        -:  497:
        -:  498:  //find new highest score
    #####:  499:  j = 0;
    #####:  500:  for (i = 0; i < MAX_PLAYERS; i++)
        -:  501:    {
    #####:  502:      if ( players[i] > players[j] )
        -:  503:	{
    #####:  504:	  j = i;
        -:  505:	}
        -:  506:    }
    #####:  507:  highScore = players[j];
        -:  508:
        -:  509:  //set winners in array to 1 and rest to 0
    #####:  510:  for (i = 0; i < MAX_PLAYERS; i++)
        -:  511:    {
    #####:  512:      if ( players[i] == highScore )
        -:  513:	{
    #####:  514:	  players[i] = 1;
        -:  515:	}
        -:  516:      else
        -:  517:	{
    #####:  518:	  players[i] = 0;
        -:  519:	}
        -:  520:    }
        -:  521:
    #####:  522:  return 0;
        -:  523:}
        -:  524:
     1337:  525:int drawCard(int player, struct gameState *state)
        -:  526:{	int count;
        -:  527:  int deckCounter;
     1337:  528:  if (state->deckCount[player] <= 0){//Deck is empty
        -:  529:    
        -:  530:    //Step 1 Shuffle the discard pile back into a deck
        -:  531:    int i;
        -:  532:    //Move discard to deck
     1192:  533:    for (i = 0; i < state->discardCount[player];i++){
       57:  534:      state->deck[player][i] = state->discard[player][i];
       57:  535:      state->discard[player][i] = -1;
        -:  536:    }
        -:  537:
     1135:  538:    state->deckCount[player] = state->discardCount[player];
     1135:  539:    state->discardCount[player] = 0;//Reset discard
        -:  540:
        -:  541:    //Shufffle the deck
     1135:  542:    shuffle(player, state);//Shuffle the deck up and make it so that we can draw
        -:  543:   
        -:  544:    if (DEBUG){//Debug statements
        -:  545:      printf("Deck count now: %d\n", state->deckCount[player]);
        -:  546:    }
        -:  547:    
     1135:  548:    state->discardCount[player] = 0;
        -:  549:
        -:  550:    //Step 2 Draw Card
     1135:  551:    count = state->handCount[player];//Get current player's hand count
        -:  552:    
        -:  553:    if (DEBUG){//Debug statements
        -:  554:      printf("Current hand count: %d\n", count);
        -:  555:    }
        -:  556:    
     1135:  557:    deckCounter = state->deckCount[player];//Create a holder for the deck count
        -:  558:
     1135:  559:    if (deckCounter == 0)
     1134:  560:      return -1;
        -:  561:
        1:  562:    state->hand[player][count] = state->deck[player][deckCounter - 1];//Add card to hand
        1:  563:    state->deckCount[player]--;
        1:  564:    state->handCount[player]++;//Increment hand count
        -:  565:  }
        -:  566:
        -:  567:  else{
      202:  568:    int count = state->handCount[player];//Get current hand count for player
        -:  569:    int deckCounter;
        -:  570:    if (DEBUG){//Debug statements
        -:  571:      printf("Current hand count: %d\n", count);
        -:  572:    }
        -:  573:
      202:  574:    deckCounter = state->deckCount[player];//Create holder for the deck count
      202:  575:    state->hand[player][count] = state->deck[player][deckCounter - 1];//Add card to the hand
      202:  576:    state->deckCount[player]--;
      202:  577:    state->handCount[player]++;//Increment hand count
        -:  578:  }
        -:  579:
      203:  580:  return 0;
        -:  581:}
        -:  582:
    #####:  583:int getCost(int cardNumber)
        -:  584:{
    #####:  585:  switch( cardNumber ) 
        -:  586:    {
        -:  587:    case curse:
    #####:  588:      return 0;
        -:  589:    case estate:
    #####:  590:      return 2;
        -:  591:    case duchy:
    #####:  592:      return 5;
        -:  593:    case province:
    #####:  594:      return 8;
        -:  595:    case copper:
    #####:  596:      return 0;
        -:  597:    case silver:
    #####:  598:      return 3;
        -:  599:    case gold:
    #####:  600:      return 6;
        -:  601:    case adventurer:
    #####:  602:      return 6;
        -:  603:    case council_room:
    #####:  604:      return 5;
        -:  605:    case feast:
    #####:  606:      return 4;
        -:  607:    case gardens:
    #####:  608:      return 4;
        -:  609:    case mine:
    #####:  610:      return 5;
        -:  611:    case remodel:
    #####:  612:      return 4;
        -:  613:    case smithy:
    #####:  614:      return 4;
        -:  615:    case village:
    #####:  616:      return 3;
        -:  617:    case baron:
    #####:  618:      return 4;
        -:  619:    case great_hall:
    #####:  620:      return 3;
        -:  621:    case minion:
    #####:  622:      return 5;
        -:  623:    case steward:
    #####:  624:      return 3;
        -:  625:    case tribute:
    #####:  626:      return 5;
        -:  627:    case ambassador:
    #####:  628:      return 3;
        -:  629:    case cutpurse:
    #####:  630:      return 4;
        -:  631:    case embargo: 
    #####:  632:      return 2;
        -:  633:    case outpost:
    #####:  634:      return 5;
        -:  635:    case salvager:
    #####:  636:      return 4;
        -:  637:    case sea_hag:
    #####:  638:      return 4;
        -:  639:    case treasure_map:
    #####:  640:      return 4;
        -:  641:    }
        -:  642:	
    #####:  643:  return -1;
        -:  644:}
        -:  645:
    #####:  646:int cardEffect(int card, int choice1, int choice2, int choice3, struct gameState *state, int handPos, int *bonus)
        -:  647:{
        -:  648:  int i;
        -:  649:  int j;
        -:  650:  int k;
        -:  651:  int x;
        -:  652:  int index;
    #####:  653:  int currentPlayer = whoseTurn(state);
    #####:  654:  int nextPlayer = currentPlayer + 1;
        -:  655:
    #####:  656:  int tributeRevealedCards[2] = {-1, -1};
        -:  657:  int temphand[MAX_HAND];// moved above the if statement
    #####:  658:  int drawntreasure=0;
        -:  659:  int cardDrawn;
    #####:  660:  int z = 0;// this is the counter for the temp hand
    #####:  661:  if (nextPlayer > (state->numPlayers - 1)){
    #####:  662:    nextPlayer = 0;
        -:  663:  }
        -:  664:  
        -:  665:	
        -:  666:  //uses switch to select card and perform actions
    #####:  667:  switch( card ) 
        -:  668:    {
        -:  669:    case adventurer:
    #####:  670:    	playAdventurer(currentPlayer, handPos, state);
        -:  671:			
        -:  672:    case council_room:
        -:  673:      //+4 Cards
    #####:  674:      for (i = 0; i < 4; i++)
        -:  675:	{
    #####:  676:	  drawCard(currentPlayer, state);
        -:  677:	}
        -:  678:			
        -:  679:      //+1 Buy
    #####:  680:      state->numBuys++;
        -:  681:			
        -:  682:      //Each other player draws a card
    #####:  683:      for (i = 0; i < state->numPlayers; i++)
        -:  684:	{
    #####:  685:	  if ( i != currentPlayer )
        -:  686:	    {
    #####:  687:	      drawCard(i, state);
        -:  688:	    }
        -:  689:	}
        -:  690:			
        -:  691:      //put played card in played card pile
    #####:  692:      discardCard(handPos, currentPlayer, state, 0);
        -:  693:			
    #####:  694:      return 0;
        -:  695:			
        -:  696:    case feast:
        -:  697:      //gain card with cost up to 5
        -:  698:      //Backup hand
    #####:  699:      for (i = 0; i <= state->handCount[currentPlayer]; i++){
    #####:  700:	temphand[i] = state->hand[currentPlayer][i];//Backup card
    #####:  701:	state->hand[currentPlayer][i] = -1;//Set to nothing
        -:  702:      }
        -:  703:      //Backup hand
        -:  704:
        -:  705:      //Update Coins for Buy
    #####:  706:      updateCoins(currentPlayer, state, 5);
    #####:  707:      x = 1;//Condition to loop on
    #####:  708:      while( x == 1) {//Buy one card
    #####:  709:	if (supplyCount(choice1, state) <= 0){
        -:  710:	  if (DEBUG)
        -:  711:	    printf("None of that card left, sorry!\n");
        -:  712:
        -:  713:	  if (DEBUG){
        -:  714:	    printf("Cards Left: %d\n", supplyCount(choice1, state));
        -:  715:	  }
        -:  716:	}
    #####:  717:	else if (state->coins < getCost(choice1)){
    #####:  718:	  printf("That card is too expensive!\n");
        -:  719:
        -:  720:	  if (DEBUG){
        -:  721:	    printf("Coins: %d < %d\n", state->coins, getCost(choice1));
        -:  722:	  }
        -:  723:	}
        -:  724:	else{
        -:  725:
        -:  726:	  if (DEBUG){
        -:  727:	    printf("Deck Count: %d\n", state->handCount[currentPlayer] + state->deckCount[currentPlayer] + state->discardCount[currentPlayer]);
        -:  728:	  }
        -:  729:
    #####:  730:	  gainCard(choice1, state, 0, currentPlayer);//Gain the card
    #####:  731:	  x = 0;//No more buying cards
        -:  732:
        -:  733:	  if (DEBUG){
        -:  734:	    printf("Deck Count: %d\n", state->handCount[currentPlayer] + state->deckCount[currentPlayer] + state->discardCount[currentPlayer]);
        -:  735:	  }
        -:  736:
        -:  737:	}
        -:  738:      }     
        -:  739:
        -:  740:      //Reset Hand
    #####:  741:      for (i = 0; i <= state->handCount[currentPlayer]; i++){
    #####:  742:	state->hand[currentPlayer][i] = temphand[i];
    #####:  743:	temphand[i] = -1;
        -:  744:      }
        -:  745:      //Reset Hand
        -:  746:      			
    #####:  747:      return 0;
        -:  748:			
        -:  749:    case gardens:
    #####:  750:      return -1;
        -:  751:			
        -:  752:    case mine:
    #####:  753:       playMine(currentPlayer, handPos, choice1, choice2, state);
        -:  754:			
        -:  755:    case remodel:
    #####:  756:      j = state->hand[currentPlayer][choice1];  //store card we will trash
        -:  757:
    #####:  758:      if ( (getCost(state->hand[currentPlayer][choice1]) + 2) > getCost(choice2) )
        -:  759:	{
    #####:  760:	  return -1;
        -:  761:	}
        -:  762:
    #####:  763:      gainCard(choice2, state, 0, currentPlayer);
        -:  764:
        -:  765:      //discard card from hand
    #####:  766:      discardCard(handPos, currentPlayer, state, 0);
        -:  767:
        -:  768:      //discard trashed card
    #####:  769:      for (i = 0; i < state->handCount[currentPlayer]; i++)
        -:  770:	{
    #####:  771:	  if (state->hand[currentPlayer][i] == j)
        -:  772:	    {
    #####:  773:	      discardCard(i, currentPlayer, state, 0);			
    #####:  774:	      break;
        -:  775:	    }
        -:  776:	}
        -:  777:
        -:  778:
    #####:  779:      return 0;
        -:  780:		
        -:  781:    case smithy:
    #####:  782:    	playSmithy(currentPlayer, handPos, state);
        -:  783:		
        -:  784:    case village:
    #####:  785:    	playVillage(currentPlayer, handPos, state);
        -:  786:		
        -:  787:    case baron:
    #####:  788:      state->numBuys++;//Increase buys by 1!
    #####:  789:      if (choice1 > 0){//Boolean true or going to discard an estate
    #####:  790:	int p = 0;//Iterator for hand!
    #####:  791:	int card_not_discarded = 1;//Flag for discard set!
    #####:  792:	while(card_not_discarded){
    #####:  793:	  if (state->hand[currentPlayer][p] == estate){//Found an estate card!
    #####:  794:	    state->coins += 4;//Add 4 coins to the amount of coins
    #####:  795:	    state->discard[currentPlayer][state->discardCount[currentPlayer]] = state->hand[currentPlayer][p];
    #####:  796:	    state->discardCount[currentPlayer]++;
    #####:  797:	    for (;p < state->handCount[currentPlayer]; p++){
    #####:  798:	      state->hand[currentPlayer][p] = state->hand[currentPlayer][p+1];
        -:  799:	    }
    #####:  800:	    state->hand[currentPlayer][state->handCount[currentPlayer]] = -1;
    #####:  801:	    state->handCount[currentPlayer]--;
    #####:  802:	    card_not_discarded = 0;//Exit the loop
        -:  803:	  }
    #####:  804:	  else if (p > state->handCount[currentPlayer]){
        -:  805:	    if(DEBUG) {
        -:  806:	      printf("No estate cards in your hand, invalid choice\n");
        -:  807:	      printf("Must gain an estate if there are any\n");
        -:  808:	    }
    #####:  809:	    if (supplyCount(estate, state) > 0){
    #####:  810:	      gainCard(estate, state, 0, currentPlayer);
    #####:  811:	      state->supplyCount[estate]--;//Decrement estates
    #####:  812:	      if (supplyCount(estate, state) == 0){
    #####:  813:		isGameOver(state);
        -:  814:	      }
        -:  815:	    }
    #####:  816:	    card_not_discarded = 0;//Exit the loop
        -:  817:	  }
        -:  818:			    
        -:  819:	  else{
    #####:  820:	    p++;//Next card
        -:  821:	  }
        -:  822:	}
        -:  823:      }
        -:  824:			    
        -:  825:      else{
    #####:  826:	if (supplyCount(estate, state) > 0){
    #####:  827:	  gainCard(estate, state, 0, currentPlayer);//Gain an estate
    #####:  828:	  state->supplyCount[estate]--;//Decrement Estates
    #####:  829:	  if (supplyCount(estate, state) == 0){
    #####:  830:	    isGameOver(state);
        -:  831:	  }
        -:  832:	}
        -:  833:      }
        -:  834:	    
        -:  835:      
    #####:  836:      return 0;
        -:  837:		
        -:  838:    case great_hall:
        -:  839:      //+1 Card
    #####:  840:      drawCard(currentPlayer, state);
        -:  841:			
        -:  842:      //+1 Actions
    #####:  843:      state->numActions++;
        -:  844:			
        -:  845:      //discard card from hand
    #####:  846:      discardCard(handPos, currentPlayer, state, 0);
    #####:  847:      return 0;
        -:  848:		
        -:  849:    case minion:
        -:  850:      //+1 action
    #####:  851:      state->numActions++;
        -:  852:			
        -:  853:      //discard card from hand
    #####:  854:      discardCard(handPos, currentPlayer, state, 0);
        -:  855:			
    #####:  856:      if (choice1)		//+2 coins
        -:  857:	{
    #####:  858:	  state->coins = state->coins + 2;
        -:  859:	}
        -:  860:			
    #####:  861:      else if (choice2)		//discard hand, redraw 4, other players with 5+ cards discard hand and draw 4
        -:  862:	{
        -:  863:	  //discard hand
    #####:  864:	  while(numHandCards(state) > 0)
        -:  865:	    {
    #####:  866:	      discardCard(handPos, currentPlayer, state, 0);
        -:  867:	    }
        -:  868:				
        -:  869:	  //draw 4
    #####:  870:	  for (i = 0; i < 4; i++)
        -:  871:	    {
    #####:  872:	      drawCard(currentPlayer, state);
        -:  873:	    }
        -:  874:				
        -:  875:	  //other players discard hand and redraw if hand size > 4
    #####:  876:	  for (i = 0; i < state->numPlayers; i++)
        -:  877:	    {
    #####:  878:	      if (i != currentPlayer)
        -:  879:		{
    #####:  880:		  if ( state->handCount[i] > 4 )
        -:  881:		    {
        -:  882:		      //discard hand
    #####:  883:		      while( state->handCount[i] > 0 )
        -:  884:			{
    #####:  885:			  discardCard(handPos, i, state, 0);
        -:  886:			}
        -:  887:							
        -:  888:		      //draw 4
    #####:  889:		      for (j = 0; j < 4; j++)
        -:  890:			{
    #####:  891:			  drawCard(i, state);
        -:  892:			}
        -:  893:		    }
        -:  894:		}
        -:  895:	    }
        -:  896:				
        -:  897:	}
    #####:  898:      return 0;
        -:  899:		
        -:  900:    case steward:
    #####:  901:      if (choice1 == 1)
        -:  902:	{
        -:  903:	  //+2 cards
    #####:  904:	  drawCard(currentPlayer, state);
    #####:  905:	  drawCard(currentPlayer, state);
        -:  906:	}
    #####:  907:      else if (choice1 == 2)
        -:  908:	{
        -:  909:	  //+2 coins
    #####:  910:	  state->coins = state->coins + 2;
        -:  911:	}
        -:  912:      else
        -:  913:	{
        -:  914:	  //trash 2 cards in hand
    #####:  915:	  discardCard(choice2, currentPlayer, state, 1);
    #####:  916:	  discardCard(choice3, currentPlayer, state, 1);
        -:  917:	}
        -:  918:			
        -:  919:      //discard card from hand
    #####:  920:      discardCard(handPos, currentPlayer, state, 0);
    #####:  921:      return 0;
        -:  922:		
        -:  923:    case tribute:
    #####:  924:       playTribute(currentPlayer, nextPlayer, state);
        -:  925:    case ambassador:
    #####:  926:      j = 0;		//used to check if player has enough cards to discard
        -:  927:
    #####:  928:      if (choice2 > 2 || choice2 < 0)
        -:  929:	{
    #####:  930:	  return -1;				
        -:  931:	}
        -:  932:
    #####:  933:      if (choice1 == handPos)
        -:  934:	{
    #####:  935:	  return -1;
        -:  936:	}
        -:  937:
    #####:  938:      for (i = 0; i < state->handCount[currentPlayer]; i++)
        -:  939:	{
    #####:  940:	  if (i != handPos && i == state->hand[currentPlayer][choice1] && i != choice1)
        -:  941:	    {
    #####:  942:	      j++;
        -:  943:	    }
        -:  944:	}
    #####:  945:      if (j < choice2)
        -:  946:	{
    #####:  947:	  return -1;				
        -:  948:	}
        -:  949:
        -:  950:      if (DEBUG) 
        -:  951:	printf("Player %d reveals card number: %d\n", currentPlayer, state->hand[currentPlayer][choice1]);
        -:  952:
        -:  953:      //increase supply count for choosen card by amount being discarded
    #####:  954:      state->supplyCount[state->hand[currentPlayer][choice1]] += choice2;
        -:  955:			
        -:  956:      //each other player gains a copy of revealed card
    #####:  957:      for (i = 0; i < state->numPlayers; i++)
        -:  958:	{
    #####:  959:	  if (i != currentPlayer)
        -:  960:	    {
    #####:  961:	      gainCard(state->hand[currentPlayer][choice1], state, 0, i);
        -:  962:	    }
        -:  963:	}
        -:  964:
        -:  965:      //discard played card from hand
    #####:  966:      discardCard(handPos, currentPlayer, state, 0);			
        -:  967:
        -:  968:      //trash copies of cards returned to supply
    #####:  969:      for (j = 0; j < choice2; j++)
        -:  970:	{
    #####:  971:	  for (i = 0; i < state->handCount[currentPlayer]; i++)
        -:  972:	    {
    #####:  973:	      if (state->hand[currentPlayer][i] == state->hand[currentPlayer][choice1])
        -:  974:		{
    #####:  975:		  discardCard(i, currentPlayer, state, 1);
    #####:  976:		  break;
        -:  977:		}
        -:  978:	    }
        -:  979:	}			
        -:  980:
    #####:  981:      return 0;
        -:  982:		
        -:  983:    case cutpurse:
        -:  984:
    #####:  985:      updateCoins(currentPlayer, state, 2);
    #####:  986:      for (i = 0; i < state->numPlayers; i++)
        -:  987:	{
    #####:  988:	  if (i != currentPlayer)
        -:  989:	    {
    #####:  990:	      for (j = 0; j < state->handCount[i]; j++)
        -:  991:		{
    #####:  992:		  if (state->hand[i][j] == copper)
        -:  993:		    {
    #####:  994:		      discardCard(j, i, state, 0);
    #####:  995:		      break;
        -:  996:		    }
    #####:  997:		  if (j == state->handCount[i])
        -:  998:		    {
    #####:  999:		      for (k = 0; k < state->handCount[i]; k++)
        -: 1000:			{
        -: 1001:			  if (DEBUG)
        -: 1002:			    printf("Player %d reveals card number %d\n", i, state->hand[i][k]);
        -: 1003:			}	
    #####: 1004:		      break;
        -: 1005:		    }		
        -: 1006:		}
        -: 1007:					
        -: 1008:	    }
        -: 1009:				
        -: 1010:	}				
        -: 1011:
        -: 1012:      //discard played card from hand
    #####: 1013:      discardCard(handPos, currentPlayer, state, 0);			
        -: 1014:
    #####: 1015:      return 0;
        -: 1016:
        -: 1017:		
        -: 1018:    case embargo: 
        -: 1019:      //+2 Coins
    #####: 1020:      state->coins = state->coins + 2;
        -: 1021:			
        -: 1022:      //see if selected pile is in play
    #####: 1023:      if ( state->supplyCount[choice1] == -1 )
        -: 1024:	{
    #####: 1025:	  return -1;
        -: 1026:	}
        -: 1027:			
        -: 1028:      //add embargo token to selected supply pile
    #####: 1029:      state->embargoTokens[choice1]++;
        -: 1030:			
        -: 1031:      //trash card
    #####: 1032:      discardCard(handPos, currentPlayer, state, 1);		
    #####: 1033:      return 0;
        -: 1034:		
        -: 1035:    case outpost:
        -: 1036:      //set outpost flag
    #####: 1037:      state->outpostPlayed++;
        -: 1038:			
        -: 1039:      //discard card
    #####: 1040:      discardCard(handPos, currentPlayer, state, 0);
    #####: 1041:      return 0;
        -: 1042:		
        -: 1043:    case salvager:
        -: 1044:      //+1 buy
    #####: 1045:      state->numBuys++;
        -: 1046:			
    #####: 1047:      if (choice1)
        -: 1048:	{
        -: 1049:	  //gain coins equal to trashed card
    #####: 1050:	  state->coins = state->coins + getCost( handCard(choice1, state) );
        -: 1051:	  //trash card
    #####: 1052:	  discardCard(choice1, currentPlayer, state, 1);	
        -: 1053:	}
        -: 1054:			
        -: 1055:      //discard card
    #####: 1056:      discardCard(handPos, currentPlayer, state, 0);
    #####: 1057:      return 0;
        -: 1058:		
        -: 1059:    case sea_hag:
    #####: 1060:      for (i = 0; i < state->numPlayers; i++){
    #####: 1061:	if (i != currentPlayer){
    #####: 1062:	  state->discard[i][state->discardCount[i]] = state->deck[i][state->deckCount[i]--];			    state->deckCount[i]--;
    #####: 1063:	  state->discardCount[i]++;
    #####: 1064:	  state->deck[i][state->deckCount[i]--] = curse;//Top card now a curse
        -: 1065:	}
        -: 1066:      }
    #####: 1067:      return 0;
        -: 1068:		
        -: 1069:    case treasure_map:
        -: 1070:      //search hand for another treasure_map
    #####: 1071:      index = -1;
    #####: 1072:      for (i = 0; i < state->handCount[currentPlayer]; i++)
        -: 1073:	{
    #####: 1074:	  if (state->hand[currentPlayer][i] == treasure_map && i != handPos)
        -: 1075:	    {
    #####: 1076:	      index = i;
    #####: 1077:	      break;
        -: 1078:	    }
        -: 1079:	}
    #####: 1080:      if (index > -1)
        -: 1081:	{
        -: 1082:	  //trash both treasure cards
    #####: 1083:	  discardCard(handPos, currentPlayer, state, 1);
    #####: 1084:	  discardCard(index, currentPlayer, state, 1);
        -: 1085:
        -: 1086:	  //gain 4 Gold cards
    #####: 1087:	  for (i = 0; i < 4; i++)
        -: 1088:	    {
    #####: 1089:	      gainCard(gold, state, 1, currentPlayer);
        -: 1090:	    }
        -: 1091:				
        -: 1092:	  //return success
    #####: 1093:	  return 1;
        -: 1094:	}
        -: 1095:			
        -: 1096:      //no second treasure_map found in hand
    #####: 1097:      return -1;
        -: 1098:    }
        -: 1099:	
    #####: 1100:  return -1;
        -: 1101:}
        -: 1102:
    #####: 1103:int discardCard(int handPos, int currentPlayer, struct gameState *state, int trashFlag)
        -: 1104:{
        -: 1105:	
        -: 1106:  //if card is not trashed, added to Played pile 
    #####: 1107:  if (trashFlag < 1)
        -: 1108:    {
        -: 1109:      //add card to played pile
    #####: 1110:      state->playedCards[state->playedCardCount] = state->hand[currentPlayer][handPos]; 
    #####: 1111:      state->playedCardCount++;
        -: 1112:    }
        -: 1113:	
        -: 1114:  //set played card to -1
    #####: 1115:  state->hand[currentPlayer][handPos] = -1;
        -: 1116:	
        -: 1117:  //remove card from player's hand
    #####: 1118:  if ( handPos == (state->handCount[currentPlayer] - 1) ) 	//last card in hand array is played
        -: 1119:    {
        -: 1120:      //reduce number of cards in hand
    #####: 1121:      state->handCount[currentPlayer]--;
        -: 1122:    }
    #####: 1123:  else if ( state->handCount[currentPlayer] == 1 ) //only one card in hand
        -: 1124:    {
        -: 1125:      //reduce number of cards in hand
    #####: 1126:      state->handCount[currentPlayer]--;
        -: 1127:    }
        -: 1128:  else 	
        -: 1129:    {
        -: 1130:      //replace discarded card with last card in hand
    #####: 1131:      state->hand[currentPlayer][handPos] = state->hand[currentPlayer][ (state->handCount[currentPlayer] - 1)];
        -: 1132:      //set last card to -1
    #####: 1133:      state->hand[currentPlayer][state->handCount[currentPlayer] - 1] = -1;
        -: 1134:      //reduce number of cards in hand
    #####: 1135:      state->handCount[currentPlayer]--;
        -: 1136:    }
        -: 1137:	
    #####: 1138:  return 0;
        -: 1139:}
        -: 1140:
    #####: 1141:int gainCard(int supplyPos, struct gameState *state, int toFlag, int player)
        -: 1142:{
        -: 1143:  //Note: supplyPos is enum of choosen card
        -: 1144:	
        -: 1145:  //check if supply pile is empty (0) or card is not used in game (-1)
    #####: 1146:  if ( supplyCount(supplyPos, state) < 1 )
        -: 1147:    {
    #####: 1148:      return -1;
        -: 1149:    }
        -: 1150:	
        -: 1151:  //added card for [whoseTurn] current player:
        -: 1152:  // toFlag = 0 : add to discard
        -: 1153:  // toFlag = 1 : add to deck
        -: 1154:  // toFlag = 2 : add to hand
        -: 1155:
    #####: 1156:  if (toFlag == 1)
        -: 1157:    {
    #####: 1158:      state->deck[ player ][ state->deckCount[player] ] = supplyPos;
    #####: 1159:      state->deckCount[player]++;
        -: 1160:    }
    #####: 1161:  else if (toFlag == 2)
        -: 1162:    {
    #####: 1163:      state->hand[ player ][ state->handCount[player] ] = supplyPos;
    #####: 1164:      state->handCount[player]++;
        -: 1165:    }
        -: 1166:  else
        -: 1167:    {
    #####: 1168:      state->discard[player][ state->discardCount[player] ] = supplyPos;
    #####: 1169:      state->discardCount[player]++;
        -: 1170:    }
        -: 1171:	
        -: 1172:  //decrease number in supply pile
    #####: 1173:  state->supplyCount[supplyPos]--;
        -: 1174:	 
    #####: 1175:  return 0;
        -: 1176:}
        -: 1177:
    #####: 1178:int updateCoins(int player, struct gameState *state, int bonus)
        -: 1179:{
        -: 1180:  int i;
        -: 1181:	
        -: 1182:  //reset coin count
    #####: 1183:  state->coins = 0;
        -: 1184:
        -: 1185:  //add coins for each Treasure card in player's hand
    #####: 1186:  for (i = 0; i < state->handCount[player]; i++)
        -: 1187:    {
    #####: 1188:      if (state->hand[player][i] == copper)
        -: 1189:	{
    #####: 1190:	  state->coins += 1;
        -: 1191:	}
    #####: 1192:      else if (state->hand[player][i] == silver)
        -: 1193:	{
    #####: 1194:	  state->coins += 2;
        -: 1195:	}
    #####: 1196:      else if (state->hand[player][i] == gold)
        -: 1197:	{
    #####: 1198:	  state->coins += 3;
        -: 1199:	}	
        -: 1200:    }	
        -: 1201:
        -: 1202:  //add bonus
    #####: 1203:  state->coins += bonus;
        -: 1204:
    #####: 1205:  return 0;
        -: 1206:}
        -: 1207:
        -: 1208:/*Refactor #1 - Village Card*/
    #####: 1209:int playVillage(int currentPlayer, int handPos, struct gameState *state){
        -: 1210:    //+1 Card
    #####: 1211:    drawCard(currentPlayer, state);
        -: 1212:
        -: 1213:    //+2 Actions
    #####: 1214:    state->numActions = state->numActions + 2;
        -: 1215:			
        -: 1216:    //discard played card from hand
    #####: 1217:    discardCard(handPos, currentPlayer, state, 0);
    #####: 1218:    return 0;
        -: 1219:}
        -: 1220:
        -: 1221:/*Refactor #2 - Tribute Card*/
    #####: 1222:int playTribute(int currentPlayer, int nextPlayer, struct gameState* state){
        -: 1223:	int i;
    #####: 1224:	int tributeRevealedCards[2] = {-1, -1};
        -: 1225:
        -: 1226:      
    #####: 1227:    if ((state->discardCount[nextPlayer] + state->deckCount[nextPlayer]) <= 1)
        -: 1228:    {
    #####: 1229:		if (state->deckCount[nextPlayer] > 0)
        -: 1230:		{
    #####: 1231:	  		tributeRevealedCards[0] = state->deck[nextPlayer][state->deckCount[nextPlayer]-1];
    #####: 1232:	  		state->deckCount[nextPlayer]--;
        -: 1233:		}
    #####: 1234:		else if (state->discardCount[nextPlayer] > 0)
        -: 1235:		{
    #####: 1236:	  		tributeRevealedCards[0] = state->discard[nextPlayer][state->discardCount[nextPlayer]-1];
    #####: 1237:	  		state->discardCount[nextPlayer]--;
        -: 1238:		}
        -: 1239:		else
        -: 1240:		{
        -: 1241:	  		//No Card to Reveal
        -: 1242:	  		if (DEBUG)
        -: 1243:	  		{
        -: 1244:	    		printf("No cards to reveal\n");
        -: 1245:	  		}	
        -: 1246:		}
        -: 1247:    }
        -: 1248:	    
        -: 1249:    else
        -: 1250:    {
    #####: 1251:		if (state->deckCount[nextPlayer] == 0)
        -: 1252:		{
    #####: 1253:	  		for (i = 0; i < state->discardCount[nextPlayer]; i++)
        -: 1254:	  		{
    #####: 1255:	    		state->deck[nextPlayer][i] = state->discard[nextPlayer][i];//Move to deck
    #####: 1256:	    		state->deckCount[nextPlayer]++;
    #####: 1257:	    		state->discard[nextPlayer][i] = -1;
    #####: 1258:	    		state->discardCount[nextPlayer]--;
        -: 1259:	  		}
        -: 1260:			    
    #####: 1261:	  		shuffle(nextPlayer,state);//Shuffle the deck
        -: 1262:		} 
        -: 1263:	
    #####: 1264:		tributeRevealedCards[0] = state->deck[nextPlayer][state->deckCount[nextPlayer]-1];
    #####: 1265:		state->deck[nextPlayer][state->deckCount[nextPlayer]--] = -1;
    #####: 1266:		state->deckCount[nextPlayer]--;
    #####: 1267:		tributeRevealedCards[1] = state->deck[nextPlayer][state->deckCount[nextPlayer]-1];
    #####: 1268:		state->deck[nextPlayer][state->deckCount[nextPlayer]--] = -1;
    #####: 1269:		state->deckCount[nextPlayer]--;
        -: 1270:    }    
        -: 1271:		       
    #####: 1272:    if (tributeRevealedCards[0] == tributeRevealedCards[1])
        -: 1273:    {	//If we have a duplicate card, just drop one 
    #####: 1274:		state->playedCards[state->playedCardCount] = tributeRevealedCards[1];
    #####: 1275:		state->playedCardCount++;
    #####: 1276:		tributeRevealedCards[1] = -1;
        -: 1277:    }
        -: 1278:
    #####: 1279:    for (i = 0; i <= 2; i ++)
        -: 1280:    {
    #####: 1281:		if (tributeRevealedCards[i] == copper || tributeRevealedCards[i] == silver || tributeRevealedCards[i] == gold)
        -: 1282:		{	//Treasure cards
    #####: 1283:	  		state->coins += 2;
        -: 1284:		}
        -: 1285:		    
    #####: 1286:		else if (tributeRevealedCards[i] == estate || tributeRevealedCards[i] == duchy || tributeRevealedCards[i] == province || tributeRevealedCards[i] == gardens || tributeRevealedCards[i] == great_hall)
        -: 1287:		{	//Victory Card Found
    #####: 1288:	  		drawCard(currentPlayer, state);
    #####: 1289:	  		drawCard(currentPlayer, state);
        -: 1290:		}
        -: 1291:		else			
        -: 1292:		{	//Action Card
    #####: 1293:	  		state->numActions = state->numActions + 2;
        -: 1294:		}
        -: 1295:    }
        -: 1296:	    
    #####: 1297:    return 0;		
        -: 1298:}
        -: 1299:
        -: 1300:/*Refactor #3 - Mine Card*/
    #####: 1301:int playMine(int currentPlayer, int handPos, int choice1, int choice2, struct gameState* state){
        -: 1302:	int i;
        -: 1303:	int j;
        -: 1304:
    #####: 1305: 	j = state->hand[currentPlayer][choice1];  //store card we will trash
        -: 1306:
    #####: 1307:    if (state->hand[currentPlayer][choice1] < copper || state->hand[currentPlayer][choice1] > gold)
        -: 1308:	{
    #####: 1309:		return -1;
        -: 1310:	}
        -: 1311:		
    #####: 1312:    if (choice2 > treasure_map || choice2 < curse)
        -: 1313:	{
    #####: 1314:		return -1;
        -: 1315:	}
        -: 1316:
    #####: 1317:    if ( (getCost(state->hand[currentPlayer][choice1]) + 3) > getCost(choice2) )
        -: 1318:	{
    #####: 1319:		return -1;
        -: 1320:	}
        -: 1321:
    #####: 1322:    gainCard(choice2, state, 2, currentPlayer);
        -: 1323:
        -: 1324:    //discard card from hand
    #####: 1325:    discardCard(handPos, currentPlayer, state, 0);
        -: 1326:
        -: 1327:    //discard trashed card
    #####: 1328:    for (i = 0; i < state->handCount[currentPlayer]; i++)
        -: 1329:	{
    #####: 1330:		if (state->hand[currentPlayer][i] == j)
        -: 1331:	    {
    #####: 1332:	    	discardCard(i, currentPlayer, state, 0);			
    #####: 1333:	    	break;
        -: 1334:	    }
        -: 1335:	}
        -: 1336:			
    #####: 1337:    return 0;
        -: 1338:}
        -: 1339:
        -: 1340:/*Refactor #4 - Smithy Card*/
    #####: 1341:int playSmithy(int currentPlayer, int handPos, struct gameState *state){
        -: 1342:	int i;
        -: 1343:
        -: 1344:    //+3 Cards
    #####: 1345:    for (i = 0; i < 3; i++)
        -: 1346:	{
    #####: 1347:	  drawCard(currentPlayer, state);
        -: 1348:	}
        -: 1349:			
        -: 1350:    //discard card from hand
    #####: 1351:    discardCard(handPos, currentPlayer, state, 0);
        -: 1352:
    #####: 1353:    return 0;
        -: 1354:}
        -: 1355:
        -: 1356:/*Refactor #5 - Adventurer Card*/
        1: 1357:int playAdventurer(int currentPlayer, int handPos, struct gameState* state){
        1: 1358:	int z = 0; //counter for temphand
        -: 1359:	int temphand[MAX_HAND];// moved above the if statement
        1: 1360:	int drawntreasure=0;
        -: 1361:	int cardDrawn;
        -: 1362:    
     1339: 1363:    while(drawntreasure<2)
        -: 1364:    {
     1337: 1365:		if (state->deckCount[currentPlayer] <1)
        -: 1366:		{	//if the deck is empty we need to shuffle discard and add to deck
     1135: 1367:			shuffle(currentPlayer, state);
        -: 1368:		}
     1337: 1369:		drawCard(currentPlayer, state);
     1337: 1370:		cardDrawn = state->hand[currentPlayer][state->handCount[currentPlayer]-1];//top card of hand is most recently drawn card.
     1337: 1371:		if (cardDrawn == copper || cardDrawn == silver || cardDrawn == gold)
        -: 1372:		{
        2: 1373:	  		drawntreasure++;
        -: 1374:		}
        -: 1375:		else{
     1335: 1376:	  		temphand[z]=cardDrawn;
     1335: 1377:	  		state->handCount[currentPlayer]--; //this should just remove the top card (the most recently drawn one).
     1335: 1378:	  		z++;
        -: 1379:		}
        -: 1380:    }
        -: 1381:    
      100: 1382:    while(z-1>=0)
        -: 1383:    {
       98: 1384:		state->discard[currentPlayer][state->discardCount[currentPlayer]++]=temphand[z-1]; // discard all cards in play that have been drawn
       98: 1385:		z=z-1;
        -: 1386:    }
        -: 1387:    
        1: 1388:    return 0;
        -: 1389:}
        -: 1390:
        -: 1391://end of dominion.c
